The system is: Linux - 5.10.0-19-cloud-amd64 - x86_64
Compiling the C compiler identification source file "CMakeCCompilerId.c" succeeded.
Compiler: /usr/bin/gcc 
Build flags: 
Id flags:  

The output was:
0


Compilation of the C compiler identification source "CMakeCCompilerId.c" produced "a.out"

The C compiler identification is GNU, found in "/home/zuievant/Desktop/Projects/PatternMatchingAlgorithmsTester/build/CMakeFiles/3.18.4/CompilerIdC/a.out"

Compiling the CXX compiler identification source file "CMakeCXXCompilerId.cpp" succeeded.
Compiler: /usr/bin/g++ 
Build flags: 
Id flags:  

The output was:
0


Compilation of the CXX compiler identification source "CMakeCXXCompilerId.cpp" produced "a.out"

The CXX compiler identification is GNU, found in "/home/zuievant/Desktop/Projects/PatternMatchingAlgorithmsTester/build/CMakeFiles/3.18.4/CompilerIdCXX/a.out"

Detecting C compiler ABI info compiled with the following output:
Change Dir: /home/zuievant/Desktop/Projects/PatternMatchingAlgorithmsTester/build/CMakeFiles/CMakeTmp

Run Build Command(s):/usr/bin/gmake cmTC_36481/fast && /usr/bin/gmake  -f CMakeFiles/cmTC_36481.dir/build.make CMakeFiles/cmTC_36481.dir/build
gmake[1]: Entering directory '/home/zuievant/Desktop/Projects/PatternMatchingAlgorithmsTester/build/CMakeFiles/CMakeTmp'
Building C object CMakeFiles/cmTC_36481.dir/CMakeCCompilerABI.c.o
/usr/bin/gcc   -v -o CMakeFiles/cmTC_36481.dir/CMakeCCompilerABI.c.o -c /usr/share/cmake-3.18/Modules/CMakeCCompilerABI.c
Using built-in specs.
COLLECT_GCC=/usr/bin/gcc
OFFLOAD_TARGET_NAMES=nvptx-none:amdgcn-amdhsa:hsa
OFFLOAD_TARGET_DEFAULT=1
Target: x86_64-linux-gnu
Configured with: ../src/configure -v --with-pkgversion='Debian 10.2.1-6' --with-bugurl=file:///usr/share/doc/gcc-10/README.Bugs --enable-languages=c,ada,c++,go,brig,d,fortran,objc,obj-c++,m2 --prefix=/usr --with-gcc-major-version-only --program-suffix=-10 --program-prefix=x86_64-linux-gnu- --enable-shared --enable-linker-build-id --libexecdir=/usr/lib --without-included-gettext --enable-threads=posix --libdir=/usr/lib --enable-nls --enable-bootstrap --enable-clocale=gnu --enable-libstdcxx-debug --enable-libstdcxx-time=yes --with-default-libstdcxx-abi=new --enable-gnu-unique-object --disable-vtable-verify --enable-plugin --enable-default-pie --with-system-zlib --enable-libphobos-checking=release --with-target-system-zlib=auto --enable-objc-gc=auto --enable-multiarch --disable-werror --with-arch-32=i686 --with-abi=m64 --with-multilib-list=m32,m64,mx32 --enable-multilib --with-tune=generic --enable-offload-targets=nvptx-none=/build/gcc-10-Km9U7s/gcc-10-10.2.1/debian/tmp-nvptx/usr,amdgcn-amdhsa=/build/gcc-10-Km9U7s/gcc-10-10.2.1/debian/tmp-gcn/usr,hsa --without-cuda-driver --enable-checking=release --build=x86_64-linux-gnu --host=x86_64-linux-gnu --target=x86_64-linux-gnu --with-build-config=bootstrap-lto-lean --enable-link-mutex
Thread model: posix
Supported LTO compression algorithms: zlib zstd
gcc version 10.2.1 20210110 (Debian 10.2.1-6) 
COLLECT_GCC_OPTIONS='-v' '-o' 'CMakeFiles/cmTC_36481.dir/CMakeCCompilerABI.c.o' '-c' '-mtune=generic' '-march=x86-64'
 /usr/lib/gcc/x86_64-linux-gnu/10/cc1 -quiet -v -imultiarch x86_64-linux-gnu /usr/share/cmake-3.18/Modules/CMakeCCompilerABI.c -quiet -dumpbase CMakeCCompilerABI.c -mtune=generic -march=x86-64 -auxbase-strip CMakeFiles/cmTC_36481.dir/CMakeCCompilerABI.c.o -version -fasynchronous-unwind-tables -o /tmp/cc5pTqNM.s
GNU C17 (Debian 10.2.1-6) version 10.2.1 20210110 (x86_64-linux-gnu)
	compiled by GNU C version 10.2.1 20210110, GMP version 6.2.1, MPFR version 4.1.0, MPC version 1.2.0, isl version isl-0.23-GMP

GGC heuristics: --param ggc-min-expand=100 --param ggc-min-heapsize=131072
ignoring nonexistent directory "/usr/local/include/x86_64-linux-gnu"
ignoring nonexistent directory "/usr/lib/gcc/x86_64-linux-gnu/10/include-fixed"
ignoring nonexistent directory "/usr/lib/gcc/x86_64-linux-gnu/10/../../../../x86_64-linux-gnu/include"
#include "..." search starts here:
#include <...> search starts here:
 /usr/lib/gcc/x86_64-linux-gnu/10/include
 /usr/local/include
 /usr/include/x86_64-linux-gnu
 /usr/include
End of search list.
GNU C17 (Debian 10.2.1-6) version 10.2.1 20210110 (x86_64-linux-gnu)
	compiled by GNU C version 10.2.1 20210110, GMP version 6.2.1, MPFR version 4.1.0, MPC version 1.2.0, isl version isl-0.23-GMP

GGC heuristics: --param ggc-min-expand=100 --param ggc-min-heapsize=131072
Compiler executable checksum: 1f803793fa2e3418c492b25e7d3eac2f
COLLECT_GCC_OPTIONS='-v' '-o' 'CMakeFiles/cmTC_36481.dir/CMakeCCompilerABI.c.o' '-c' '-mtune=generic' '-march=x86-64'
 as -v --64 -o CMakeFiles/cmTC_36481.dir/CMakeCCompilerABI.c.o /tmp/cc5pTqNM.s
GNU assembler version 2.35.2 (x86_64-linux-gnu) using BFD version (GNU Binutils for Debian) 2.35.2
COMPILER_PATH=/usr/lib/gcc/x86_64-linux-gnu/10/:/usr/lib/gcc/x86_64-linux-gnu/10/:/usr/lib/gcc/x86_64-linux-gnu/:/usr/lib/gcc/x86_64-linux-gnu/10/:/usr/lib/gcc/x86_64-linux-gnu/
LIBRARY_PATH=/usr/lib/gcc/x86_64-linux-gnu/10/:/usr/lib/gcc/x86_64-linux-gnu/10/../../../x86_64-linux-gnu/:/usr/lib/gcc/x86_64-linux-gnu/10/../../../../lib/:/lib/x86_64-linux-gnu/:/lib/../lib/:/usr/lib/x86_64-linux-gnu/:/usr/lib/../lib/:/usr/lib/gcc/x86_64-linux-gnu/10/../../../:/lib/:/usr/lib/
COLLECT_GCC_OPTIONS='-v' '-o' 'CMakeFiles/cmTC_36481.dir/CMakeCCompilerABI.c.o' '-c' '-mtune=generic' '-march=x86-64'
Linking C executable cmTC_36481
/usr/bin/cmake -E cmake_link_script CMakeFiles/cmTC_36481.dir/link.txt --verbose=1
/usr/bin/gcc  -v CMakeFiles/cmTC_36481.dir/CMakeCCompilerABI.c.o -o cmTC_36481 
Using built-in specs.
COLLECT_GCC=/usr/bin/gcc
COLLECT_LTO_WRAPPER=/usr/lib/gcc/x86_64-linux-gnu/10/lto-wrapper
OFFLOAD_TARGET_NAMES=nvptx-none:amdgcn-amdhsa:hsa
OFFLOAD_TARGET_DEFAULT=1
Target: x86_64-linux-gnu
Configured with: ../src/configure -v --with-pkgversion='Debian 10.2.1-6' --with-bugurl=file:///usr/share/doc/gcc-10/README.Bugs --enable-languages=c,ada,c++,go,brig,d,fortran,objc,obj-c++,m2 --prefix=/usr --with-gcc-major-version-only --program-suffix=-10 --program-prefix=x86_64-linux-gnu- --enable-shared --enable-linker-build-id --libexecdir=/usr/lib --without-included-gettext --enable-threads=posix --libdir=/usr/lib --enable-nls --enable-bootstrap --enable-clocale=gnu --enable-libstdcxx-debug --enable-libstdcxx-time=yes --with-default-libstdcxx-abi=new --enable-gnu-unique-object --disable-vtable-verify --enable-plugin --enable-default-pie --with-system-zlib --enable-libphobos-checking=release --with-target-system-zlib=auto --enable-objc-gc=auto --enable-multiarch --disable-werror --with-arch-32=i686 --with-abi=m64 --with-multilib-list=m32,m64,mx32 --enable-multilib --with-tune=generic --enable-offload-targets=nvptx-none=/build/gcc-10-Km9U7s/gcc-10-10.2.1/debian/tmp-nvptx/usr,amdgcn-amdhsa=/build/gcc-10-Km9U7s/gcc-10-10.2.1/debian/tmp-gcn/usr,hsa --without-cuda-driver --enable-checking=release --build=x86_64-linux-gnu --host=x86_64-linux-gnu --target=x86_64-linux-gnu --with-build-config=bootstrap-lto-lean --enable-link-mutex
Thread model: posix
Supported LTO compression algorithms: zlib zstd
gcc version 10.2.1 20210110 (Debian 10.2.1-6) 
COMPILER_PATH=/usr/lib/gcc/x86_64-linux-gnu/10/:/usr/lib/gcc/x86_64-linux-gnu/10/:/usr/lib/gcc/x86_64-linux-gnu/:/usr/lib/gcc/x86_64-linux-gnu/10/:/usr/lib/gcc/x86_64-linux-gnu/
LIBRARY_PATH=/usr/lib/gcc/x86_64-linux-gnu/10/:/usr/lib/gcc/x86_64-linux-gnu/10/../../../x86_64-linux-gnu/:/usr/lib/gcc/x86_64-linux-gnu/10/../../../../lib/:/lib/x86_64-linux-gnu/:/lib/../lib/:/usr/lib/x86_64-linux-gnu/:/usr/lib/../lib/:/usr/lib/gcc/x86_64-linux-gnu/10/../../../:/lib/:/usr/lib/
COLLECT_GCC_OPTIONS='-v' '-o' 'cmTC_36481' '-mtune=generic' '-march=x86-64'
 /usr/lib/gcc/x86_64-linux-gnu/10/collect2 -plugin /usr/lib/gcc/x86_64-linux-gnu/10/liblto_plugin.so -plugin-opt=/usr/lib/gcc/x86_64-linux-gnu/10/lto-wrapper -plugin-opt=-fresolution=/tmp/cctcMU7D.res -plugin-opt=-pass-through=-lgcc -plugin-opt=-pass-through=-lgcc_s -plugin-opt=-pass-through=-lc -plugin-opt=-pass-through=-lgcc -plugin-opt=-pass-through=-lgcc_s --build-id --eh-frame-hdr -m elf_x86_64 --hash-style=gnu --as-needed -dynamic-linker /lib64/ld-linux-x86-64.so.2 -pie -o cmTC_36481 /usr/lib/gcc/x86_64-linux-gnu/10/../../../x86_64-linux-gnu/Scrt1.o /usr/lib/gcc/x86_64-linux-gnu/10/../../../x86_64-linux-gnu/crti.o /usr/lib/gcc/x86_64-linux-gnu/10/crtbeginS.o -L/usr/lib/gcc/x86_64-linux-gnu/10 -L/usr/lib/gcc/x86_64-linux-gnu/10/../../../x86_64-linux-gnu -L/usr/lib/gcc/x86_64-linux-gnu/10/../../../../lib -L/lib/x86_64-linux-gnu -L/lib/../lib -L/usr/lib/x86_64-linux-gnu -L/usr/lib/../lib -L/usr/lib/gcc/x86_64-linux-gnu/10/../../.. CMakeFiles/cmTC_36481.dir/CMakeCCompilerABI.c.o -lgcc --push-state --as-needed -lgcc_s --pop-state -lc -lgcc --push-state --as-needed -lgcc_s --pop-state /usr/lib/gcc/x86_64-linux-gnu/10/crtendS.o /usr/lib/gcc/x86_64-linux-gnu/10/../../../x86_64-linux-gnu/crtn.o
COLLECT_GCC_OPTIONS='-v' '-o' 'cmTC_36481' '-mtune=generic' '-march=x86-64'
gmake[1]: Leaving directory '/home/zuievant/Desktop/Projects/PatternMatchingAlgorithmsTester/build/CMakeFiles/CMakeTmp'



Parsed C implicit include dir info from above output: rv=done
  found start of include info
  found start of implicit include info
    add: [/usr/lib/gcc/x86_64-linux-gnu/10/include]
    add: [/usr/local/include]
    add: [/usr/include/x86_64-linux-gnu]
    add: [/usr/include]
  end of search list found
  collapse include dir [/usr/lib/gcc/x86_64-linux-gnu/10/include] ==> [/usr/lib/gcc/x86_64-linux-gnu/10/include]
  collapse include dir [/usr/local/include] ==> [/usr/local/include]
  collapse include dir [/usr/include/x86_64-linux-gnu] ==> [/usr/include/x86_64-linux-gnu]
  collapse include dir [/usr/include] ==> [/usr/include]
  implicit include dirs: [/usr/lib/gcc/x86_64-linux-gnu/10/include;/usr/local/include;/usr/include/x86_64-linux-gnu;/usr/include]


Parsed C implicit link information from above output:
  link line regex: [^( *|.*[/\])(ld|CMAKE_LINK_STARTFILE-NOTFOUND|([^/\]+-)?ld|collect2)[^/\]*( |$)]
  ignore line: [Change Dir: /home/zuievant/Desktop/Projects/PatternMatchingAlgorithmsTester/build/CMakeFiles/CMakeTmp]
  ignore line: []
  ignore line: [Run Build Command(s):/usr/bin/gmake cmTC_36481/fast && /usr/bin/gmake  -f CMakeFiles/cmTC_36481.dir/build.make CMakeFiles/cmTC_36481.dir/build]
  ignore line: [gmake[1]: Entering directory '/home/zuievant/Desktop/Projects/PatternMatchingAlgorithmsTester/build/CMakeFiles/CMakeTmp']
  ignore line: [Building C object CMakeFiles/cmTC_36481.dir/CMakeCCompilerABI.c.o]
  ignore line: [/usr/bin/gcc   -v -o CMakeFiles/cmTC_36481.dir/CMakeCCompilerABI.c.o -c /usr/share/cmake-3.18/Modules/CMakeCCompilerABI.c]
  ignore line: [Using built-in specs.]
  ignore line: [COLLECT_GCC=/usr/bin/gcc]
  ignore line: [OFFLOAD_TARGET_NAMES=nvptx-none:amdgcn-amdhsa:hsa]
  ignore line: [OFFLOAD_TARGET_DEFAULT=1]
  ignore line: [Target: x86_64-linux-gnu]
  ignore line: [Configured with: ../src/configure -v --with-pkgversion='Debian 10.2.1-6' --with-bugurl=file:///usr/share/doc/gcc-10/README.Bugs --enable-languages=c ada c++ go brig d fortran objc obj-c++ m2 --prefix=/usr --with-gcc-major-version-only --program-suffix=-10 --program-prefix=x86_64-linux-gnu- --enable-shared --enable-linker-build-id --libexecdir=/usr/lib --without-included-gettext --enable-threads=posix --libdir=/usr/lib --enable-nls --enable-bootstrap --enable-clocale=gnu --enable-libstdcxx-debug --enable-libstdcxx-time=yes --with-default-libstdcxx-abi=new --enable-gnu-unique-object --disable-vtable-verify --enable-plugin --enable-default-pie --with-system-zlib --enable-libphobos-checking=release --with-target-system-zlib=auto --enable-objc-gc=auto --enable-multiarch --disable-werror --with-arch-32=i686 --with-abi=m64 --with-multilib-list=m32 m64 mx32 --enable-multilib --with-tune=generic --enable-offload-targets=nvptx-none=/build/gcc-10-Km9U7s/gcc-10-10.2.1/debian/tmp-nvptx/usr amdgcn-amdhsa=/build/gcc-10-Km9U7s/gcc-10-10.2.1/debian/tmp-gcn/usr hsa --without-cuda-driver --enable-checking=release --build=x86_64-linux-gnu --host=x86_64-linux-gnu --target=x86_64-linux-gnu --with-build-config=bootstrap-lto-lean --enable-link-mutex]
  ignore line: [Thread model: posix]
  ignore line: [Supported LTO compression algorithms: zlib zstd]
  ignore line: [gcc version 10.2.1 20210110 (Debian 10.2.1-6) ]
  ignore line: [COLLECT_GCC_OPTIONS='-v' '-o' 'CMakeFiles/cmTC_36481.dir/CMakeCCompilerABI.c.o' '-c' '-mtune=generic' '-march=x86-64']
  ignore line: [ /usr/lib/gcc/x86_64-linux-gnu/10/cc1 -quiet -v -imultiarch x86_64-linux-gnu /usr/share/cmake-3.18/Modules/CMakeCCompilerABI.c -quiet -dumpbase CMakeCCompilerABI.c -mtune=generic -march=x86-64 -auxbase-strip CMakeFiles/cmTC_36481.dir/CMakeCCompilerABI.c.o -version -fasynchronous-unwind-tables -o /tmp/cc5pTqNM.s]
  ignore line: [GNU C17 (Debian 10.2.1-6) version 10.2.1 20210110 (x86_64-linux-gnu)]
  ignore line: [	compiled by GNU C version 10.2.1 20210110  GMP version 6.2.1  MPFR version 4.1.0  MPC version 1.2.0  isl version isl-0.23-GMP]
  ignore line: []
  ignore line: [GGC heuristics: --param ggc-min-expand=100 --param ggc-min-heapsize=131072]
  ignore line: [ignoring nonexistent directory "/usr/local/include/x86_64-linux-gnu"]
  ignore line: [ignoring nonexistent directory "/usr/lib/gcc/x86_64-linux-gnu/10/include-fixed"]
  ignore line: [ignoring nonexistent directory "/usr/lib/gcc/x86_64-linux-gnu/10/../../../../x86_64-linux-gnu/include"]
  ignore line: [#include "..." search starts here:]
  ignore line: [#include <...> search starts here:]
  ignore line: [ /usr/lib/gcc/x86_64-linux-gnu/10/include]
  ignore line: [ /usr/local/include]
  ignore line: [ /usr/include/x86_64-linux-gnu]
  ignore line: [ /usr/include]
  ignore line: [End of search list.]
  ignore line: [GNU C17 (Debian 10.2.1-6) version 10.2.1 20210110 (x86_64-linux-gnu)]
  ignore line: [	compiled by GNU C version 10.2.1 20210110  GMP version 6.2.1  MPFR version 4.1.0  MPC version 1.2.0  isl version isl-0.23-GMP]
  ignore line: []
  ignore line: [GGC heuristics: --param ggc-min-expand=100 --param ggc-min-heapsize=131072]
  ignore line: [Compiler executable checksum: 1f803793fa2e3418c492b25e7d3eac2f]
  ignore line: [COLLECT_GCC_OPTIONS='-v' '-o' 'CMakeFiles/cmTC_36481.dir/CMakeCCompilerABI.c.o' '-c' '-mtune=generic' '-march=x86-64']
  ignore line: [ as -v --64 -o CMakeFiles/cmTC_36481.dir/CMakeCCompilerABI.c.o /tmp/cc5pTqNM.s]
  ignore line: [GNU assembler version 2.35.2 (x86_64-linux-gnu) using BFD version (GNU Binutils for Debian) 2.35.2]
  ignore line: [COMPILER_PATH=/usr/lib/gcc/x86_64-linux-gnu/10/:/usr/lib/gcc/x86_64-linux-gnu/10/:/usr/lib/gcc/x86_64-linux-gnu/:/usr/lib/gcc/x86_64-linux-gnu/10/:/usr/lib/gcc/x86_64-linux-gnu/]
  ignore line: [LIBRARY_PATH=/usr/lib/gcc/x86_64-linux-gnu/10/:/usr/lib/gcc/x86_64-linux-gnu/10/../../../x86_64-linux-gnu/:/usr/lib/gcc/x86_64-linux-gnu/10/../../../../lib/:/lib/x86_64-linux-gnu/:/lib/../lib/:/usr/lib/x86_64-linux-gnu/:/usr/lib/../lib/:/usr/lib/gcc/x86_64-linux-gnu/10/../../../:/lib/:/usr/lib/]
  ignore line: [COLLECT_GCC_OPTIONS='-v' '-o' 'CMakeFiles/cmTC_36481.dir/CMakeCCompilerABI.c.o' '-c' '-mtune=generic' '-march=x86-64']
  ignore line: [Linking C executable cmTC_36481]
  ignore line: [/usr/bin/cmake -E cmake_link_script CMakeFiles/cmTC_36481.dir/link.txt --verbose=1]
  ignore line: [/usr/bin/gcc  -v CMakeFiles/cmTC_36481.dir/CMakeCCompilerABI.c.o -o cmTC_36481 ]
  ignore line: [Using built-in specs.]
  ignore line: [COLLECT_GCC=/usr/bin/gcc]
  ignore line: [COLLECT_LTO_WRAPPER=/usr/lib/gcc/x86_64-linux-gnu/10/lto-wrapper]
  ignore line: [OFFLOAD_TARGET_NAMES=nvptx-none:amdgcn-amdhsa:hsa]
  ignore line: [OFFLOAD_TARGET_DEFAULT=1]
  ignore line: [Target: x86_64-linux-gnu]
  ignore line: [Configured with: ../src/configure -v --with-pkgversion='Debian 10.2.1-6' --with-bugurl=file:///usr/share/doc/gcc-10/README.Bugs --enable-languages=c ada c++ go brig d fortran objc obj-c++ m2 --prefix=/usr --with-gcc-major-version-only --program-suffix=-10 --program-prefix=x86_64-linux-gnu- --enable-shared --enable-linker-build-id --libexecdir=/usr/lib --without-included-gettext --enable-threads=posix --libdir=/usr/lib --enable-nls --enable-bootstrap --enable-clocale=gnu --enable-libstdcxx-debug --enable-libstdcxx-time=yes --with-default-libstdcxx-abi=new --enable-gnu-unique-object --disable-vtable-verify --enable-plugin --enable-default-pie --with-system-zlib --enable-libphobos-checking=release --with-target-system-zlib=auto --enable-objc-gc=auto --enable-multiarch --disable-werror --with-arch-32=i686 --with-abi=m64 --with-multilib-list=m32 m64 mx32 --enable-multilib --with-tune=generic --enable-offload-targets=nvptx-none=/build/gcc-10-Km9U7s/gcc-10-10.2.1/debian/tmp-nvptx/usr amdgcn-amdhsa=/build/gcc-10-Km9U7s/gcc-10-10.2.1/debian/tmp-gcn/usr hsa --without-cuda-driver --enable-checking=release --build=x86_64-linux-gnu --host=x86_64-linux-gnu --target=x86_64-linux-gnu --with-build-config=bootstrap-lto-lean --enable-link-mutex]
  ignore line: [Thread model: posix]
  ignore line: [Supported LTO compression algorithms: zlib zstd]
  ignore line: [gcc version 10.2.1 20210110 (Debian 10.2.1-6) ]
  ignore line: [COMPILER_PATH=/usr/lib/gcc/x86_64-linux-gnu/10/:/usr/lib/gcc/x86_64-linux-gnu/10/:/usr/lib/gcc/x86_64-linux-gnu/:/usr/lib/gcc/x86_64-linux-gnu/10/:/usr/lib/gcc/x86_64-linux-gnu/]
  ignore line: [LIBRARY_PATH=/usr/lib/gcc/x86_64-linux-gnu/10/:/usr/lib/gcc/x86_64-linux-gnu/10/../../../x86_64-linux-gnu/:/usr/lib/gcc/x86_64-linux-gnu/10/../../../../lib/:/lib/x86_64-linux-gnu/:/lib/../lib/:/usr/lib/x86_64-linux-gnu/:/usr/lib/../lib/:/usr/lib/gcc/x86_64-linux-gnu/10/../../../:/lib/:/usr/lib/]
  ignore line: [COLLECT_GCC_OPTIONS='-v' '-o' 'cmTC_36481' '-mtune=generic' '-march=x86-64']
  link line: [ /usr/lib/gcc/x86_64-linux-gnu/10/collect2 -plugin /usr/lib/gcc/x86_64-linux-gnu/10/liblto_plugin.so -plugin-opt=/usr/lib/gcc/x86_64-linux-gnu/10/lto-wrapper -plugin-opt=-fresolution=/tmp/cctcMU7D.res -plugin-opt=-pass-through=-lgcc -plugin-opt=-pass-through=-lgcc_s -plugin-opt=-pass-through=-lc -plugin-opt=-pass-through=-lgcc -plugin-opt=-pass-through=-lgcc_s --build-id --eh-frame-hdr -m elf_x86_64 --hash-style=gnu --as-needed -dynamic-linker /lib64/ld-linux-x86-64.so.2 -pie -o cmTC_36481 /usr/lib/gcc/x86_64-linux-gnu/10/../../../x86_64-linux-gnu/Scrt1.o /usr/lib/gcc/x86_64-linux-gnu/10/../../../x86_64-linux-gnu/crti.o /usr/lib/gcc/x86_64-linux-gnu/10/crtbeginS.o -L/usr/lib/gcc/x86_64-linux-gnu/10 -L/usr/lib/gcc/x86_64-linux-gnu/10/../../../x86_64-linux-gnu -L/usr/lib/gcc/x86_64-linux-gnu/10/../../../../lib -L/lib/x86_64-linux-gnu -L/lib/../lib -L/usr/lib/x86_64-linux-gnu -L/usr/lib/../lib -L/usr/lib/gcc/x86_64-linux-gnu/10/../../.. CMakeFiles/cmTC_36481.dir/CMakeCCompilerABI.c.o -lgcc --push-state --as-needed -lgcc_s --pop-state -lc -lgcc --push-state --as-needed -lgcc_s --pop-state /usr/lib/gcc/x86_64-linux-gnu/10/crtendS.o /usr/lib/gcc/x86_64-linux-gnu/10/../../../x86_64-linux-gnu/crtn.o]
    arg [/usr/lib/gcc/x86_64-linux-gnu/10/collect2] ==> ignore
    arg [-plugin] ==> ignore
    arg [/usr/lib/gcc/x86_64-linux-gnu/10/liblto_plugin.so] ==> ignore
    arg [-plugin-opt=/usr/lib/gcc/x86_64-linux-gnu/10/lto-wrapper] ==> ignore
    arg [-plugin-opt=-fresolution=/tmp/cctcMU7D.res] ==> ignore
    arg [-plugin-opt=-pass-through=-lgcc] ==> ignore
    arg [-plugin-opt=-pass-through=-lgcc_s] ==> ignore
    arg [-plugin-opt=-pass-through=-lc] ==> ignore
    arg [-plugin-opt=-pass-through=-lgcc] ==> ignore
    arg [-plugin-opt=-pass-through=-lgcc_s] ==> ignore
    arg [--build-id] ==> ignore
    arg [--eh-frame-hdr] ==> ignore
    arg [-m] ==> ignore
    arg [elf_x86_64] ==> ignore
    arg [--hash-style=gnu] ==> ignore
    arg [--as-needed] ==> ignore
    arg [-dynamic-linker] ==> ignore
    arg [/lib64/ld-linux-x86-64.so.2] ==> ignore
    arg [-pie] ==> ignore
    arg [-o] ==> ignore
    arg [cmTC_36481] ==> ignore
    arg [/usr/lib/gcc/x86_64-linux-gnu/10/../../../x86_64-linux-gnu/Scrt1.o] ==> ignore
    arg [/usr/lib/gcc/x86_64-linux-gnu/10/../../../x86_64-linux-gnu/crti.o] ==> ignore
    arg [/usr/lib/gcc/x86_64-linux-gnu/10/crtbeginS.o] ==> ignore
    arg [-L/usr/lib/gcc/x86_64-linux-gnu/10] ==> dir [/usr/lib/gcc/x86_64-linux-gnu/10]
    arg [-L/usr/lib/gcc/x86_64-linux-gnu/10/../../../x86_64-linux-gnu] ==> dir [/usr/lib/gcc/x86_64-linux-gnu/10/../../../x86_64-linux-gnu]
    arg [-L/usr/lib/gcc/x86_64-linux-gnu/10/../../../../lib] ==> dir [/usr/lib/gcc/x86_64-linux-gnu/10/../../../../lib]
    arg [-L/lib/x86_64-linux-gnu] ==> dir [/lib/x86_64-linux-gnu]
    arg [-L/lib/../lib] ==> dir [/lib/../lib]
    arg [-L/usr/lib/x86_64-linux-gnu] ==> dir [/usr/lib/x86_64-linux-gnu]
    arg [-L/usr/lib/../lib] ==> dir [/usr/lib/../lib]
    arg [-L/usr/lib/gcc/x86_64-linux-gnu/10/../../..] ==> dir [/usr/lib/gcc/x86_64-linux-gnu/10/../../..]
    arg [CMakeFiles/cmTC_36481.dir/CMakeCCompilerABI.c.o] ==> ignore
    arg [-lgcc] ==> lib [gcc]
    arg [--push-state] ==> ignore
    arg [--as-needed] ==> ignore
    arg [-lgcc_s] ==> lib [gcc_s]
    arg [--pop-state] ==> ignore
    arg [-lc] ==> lib [c]
    arg [-lgcc] ==> lib [gcc]
    arg [--push-state] ==> ignore
    arg [--as-needed] ==> ignore
    arg [-lgcc_s] ==> lib [gcc_s]
    arg [--pop-state] ==> ignore
    arg [/usr/lib/gcc/x86_64-linux-gnu/10/crtendS.o] ==> ignore
    arg [/usr/lib/gcc/x86_64-linux-gnu/10/../../../x86_64-linux-gnu/crtn.o] ==> ignore
  collapse library dir [/usr/lib/gcc/x86_64-linux-gnu/10] ==> [/usr/lib/gcc/x86_64-linux-gnu/10]
  collapse library dir [/usr/lib/gcc/x86_64-linux-gnu/10/../../../x86_64-linux-gnu] ==> [/usr/lib/x86_64-linux-gnu]
  collapse library dir [/usr/lib/gcc/x86_64-linux-gnu/10/../../../../lib] ==> [/usr/lib]
  collapse library dir [/lib/x86_64-linux-gnu] ==> [/lib/x86_64-linux-gnu]
  collapse library dir [/lib/../lib] ==> [/lib]
  collapse library dir [/usr/lib/x86_64-linux-gnu] ==> [/usr/lib/x86_64-linux-gnu]
  collapse library dir [/usr/lib/../lib] ==> [/usr/lib]
  collapse library dir [/usr/lib/gcc/x86_64-linux-gnu/10/../../..] ==> [/usr/lib]
  implicit libs: [gcc;gcc_s;c;gcc;gcc_s]
  implicit dirs: [/usr/lib/gcc/x86_64-linux-gnu/10;/usr/lib/x86_64-linux-gnu;/usr/lib;/lib/x86_64-linux-gnu;/lib]
  implicit fwks: []


Detecting CXX compiler ABI info compiled with the following output:
Change Dir: /home/zuievant/Desktop/Projects/PatternMatchingAlgorithmsTester/build/CMakeFiles/CMakeTmp

Run Build Command(s):/usr/bin/gmake cmTC_a5843/fast && /usr/bin/gmake  -f CMakeFiles/cmTC_a5843.dir/build.make CMakeFiles/cmTC_a5843.dir/build
gmake[1]: Entering directory '/home/zuievant/Desktop/Projects/PatternMatchingAlgorithmsTester/build/CMakeFiles/CMakeTmp'
Building CXX object CMakeFiles/cmTC_a5843.dir/CMakeCXXCompilerABI.cpp.o
/usr/bin/g++   -v -o CMakeFiles/cmTC_a5843.dir/CMakeCXXCompilerABI.cpp.o -c /usr/share/cmake-3.18/Modules/CMakeCXXCompilerABI.cpp
Using built-in specs.
COLLECT_GCC=/usr/bin/g++
OFFLOAD_TARGET_NAMES=nvptx-none:amdgcn-amdhsa:hsa
OFFLOAD_TARGET_DEFAULT=1
Target: x86_64-linux-gnu
Configured with: ../src/configure -v --with-pkgversion='Debian 10.2.1-6' --with-bugurl=file:///usr/share/doc/gcc-10/README.Bugs --enable-languages=c,ada,c++,go,brig,d,fortran,objc,obj-c++,m2 --prefix=/usr --with-gcc-major-version-only --program-suffix=-10 --program-prefix=x86_64-linux-gnu- --enable-shared --enable-linker-build-id --libexecdir=/usr/lib --without-included-gettext --enable-threads=posix --libdir=/usr/lib --enable-nls --enable-bootstrap --enable-clocale=gnu --enable-libstdcxx-debug --enable-libstdcxx-time=yes --with-default-libstdcxx-abi=new --enable-gnu-unique-object --disable-vtable-verify --enable-plugin --enable-default-pie --with-system-zlib --enable-libphobos-checking=release --with-target-system-zlib=auto --enable-objc-gc=auto --enable-multiarch --disable-werror --with-arch-32=i686 --with-abi=m64 --with-multilib-list=m32,m64,mx32 --enable-multilib --with-tune=generic --enable-offload-targets=nvptx-none=/build/gcc-10-Km9U7s/gcc-10-10.2.1/debian/tmp-nvptx/usr,amdgcn-amdhsa=/build/gcc-10-Km9U7s/gcc-10-10.2.1/debian/tmp-gcn/usr,hsa --without-cuda-driver --enable-checking=release --build=x86_64-linux-gnu --host=x86_64-linux-gnu --target=x86_64-linux-gnu --with-build-config=bootstrap-lto-lean --enable-link-mutex
Thread model: posix
Supported LTO compression algorithms: zlib zstd
gcc version 10.2.1 20210110 (Debian 10.2.1-6) 
COLLECT_GCC_OPTIONS='-v' '-o' 'CMakeFiles/cmTC_a5843.dir/CMakeCXXCompilerABI.cpp.o' '-c' '-shared-libgcc' '-mtune=generic' '-march=x86-64'
 /usr/lib/gcc/x86_64-linux-gnu/10/cc1plus -quiet -v -imultiarch x86_64-linux-gnu -D_GNU_SOURCE /usr/share/cmake-3.18/Modules/CMakeCXXCompilerABI.cpp -quiet -dumpbase CMakeCXXCompilerABI.cpp -mtune=generic -march=x86-64 -auxbase-strip CMakeFiles/cmTC_a5843.dir/CMakeCXXCompilerABI.cpp.o -version -fasynchronous-unwind-tables -o /tmp/ccATFj0K.s
GNU C++14 (Debian 10.2.1-6) version 10.2.1 20210110 (x86_64-linux-gnu)
	compiled by GNU C version 10.2.1 20210110, GMP version 6.2.1, MPFR version 4.1.0, MPC version 1.2.0, isl version isl-0.23-GMP

GGC heuristics: --param ggc-min-expand=100 --param ggc-min-heapsize=131072
ignoring duplicate directory "/usr/include/x86_64-linux-gnu/c++/10"
ignoring nonexistent directory "/usr/local/include/x86_64-linux-gnu"
ignoring nonexistent directory "/usr/lib/gcc/x86_64-linux-gnu/10/include-fixed"
ignoring nonexistent directory "/usr/lib/gcc/x86_64-linux-gnu/10/../../../../x86_64-linux-gnu/include"
#include "..." search starts here:
#include <...> search starts here:
 /usr/include/c++/10
 /usr/include/x86_64-linux-gnu/c++/10
 /usr/include/c++/10/backward
 /usr/lib/gcc/x86_64-linux-gnu/10/include
 /usr/local/include
 /usr/include/x86_64-linux-gnu
 /usr/include
End of search list.
GNU C++14 (Debian 10.2.1-6) version 10.2.1 20210110 (x86_64-linux-gnu)
	compiled by GNU C version 10.2.1 20210110, GMP version 6.2.1, MPFR version 4.1.0, MPC version 1.2.0, isl version isl-0.23-GMP

GGC heuristics: --param ggc-min-expand=100 --param ggc-min-heapsize=131072
Compiler executable checksum: 048fcaee3460a99eb0d68522358720e1
COLLECT_GCC_OPTIONS='-v' '-o' 'CMakeFiles/cmTC_a5843.dir/CMakeCXXCompilerABI.cpp.o' '-c' '-shared-libgcc' '-mtune=generic' '-march=x86-64'
 as -v --64 -o CMakeFiles/cmTC_a5843.dir/CMakeCXXCompilerABI.cpp.o /tmp/ccATFj0K.s
GNU assembler version 2.35.2 (x86_64-linux-gnu) using BFD version (GNU Binutils for Debian) 2.35.2
COMPILER_PATH=/usr/lib/gcc/x86_64-linux-gnu/10/:/usr/lib/gcc/x86_64-linux-gnu/10/:/usr/lib/gcc/x86_64-linux-gnu/:/usr/lib/gcc/x86_64-linux-gnu/10/:/usr/lib/gcc/x86_64-linux-gnu/
LIBRARY_PATH=/usr/lib/gcc/x86_64-linux-gnu/10/:/usr/lib/gcc/x86_64-linux-gnu/10/../../../x86_64-linux-gnu/:/usr/lib/gcc/x86_64-linux-gnu/10/../../../../lib/:/lib/x86_64-linux-gnu/:/lib/../lib/:/usr/lib/x86_64-linux-gnu/:/usr/lib/../lib/:/usr/lib/gcc/x86_64-linux-gnu/10/../../../:/lib/:/usr/lib/
COLLECT_GCC_OPTIONS='-v' '-o' 'CMakeFiles/cmTC_a5843.dir/CMakeCXXCompilerABI.cpp.o' '-c' '-shared-libgcc' '-mtune=generic' '-march=x86-64'
Linking CXX executable cmTC_a5843
/usr/bin/cmake -E cmake_link_script CMakeFiles/cmTC_a5843.dir/link.txt --verbose=1
/usr/bin/g++  -v CMakeFiles/cmTC_a5843.dir/CMakeCXXCompilerABI.cpp.o -o cmTC_a5843 
Using built-in specs.
COLLECT_GCC=/usr/bin/g++
COLLECT_LTO_WRAPPER=/usr/lib/gcc/x86_64-linux-gnu/10/lto-wrapper
OFFLOAD_TARGET_NAMES=nvptx-none:amdgcn-amdhsa:hsa
OFFLOAD_TARGET_DEFAULT=1
Target: x86_64-linux-gnu
Configured with: ../src/configure -v --with-pkgversion='Debian 10.2.1-6' --with-bugurl=file:///usr/share/doc/gcc-10/README.Bugs --enable-languages=c,ada,c++,go,brig,d,fortran,objc,obj-c++,m2 --prefix=/usr --with-gcc-major-version-only --program-suffix=-10 --program-prefix=x86_64-linux-gnu- --enable-shared --enable-linker-build-id --libexecdir=/usr/lib --without-included-gettext --enable-threads=posix --libdir=/usr/lib --enable-nls --enable-bootstrap --enable-clocale=gnu --enable-libstdcxx-debug --enable-libstdcxx-time=yes --with-default-libstdcxx-abi=new --enable-gnu-unique-object --disable-vtable-verify --enable-plugin --enable-default-pie --with-system-zlib --enable-libphobos-checking=release --with-target-system-zlib=auto --enable-objc-gc=auto --enable-multiarch --disable-werror --with-arch-32=i686 --with-abi=m64 --with-multilib-list=m32,m64,mx32 --enable-multilib --with-tune=generic --enable-offload-targets=nvptx-none=/build/gcc-10-Km9U7s/gcc-10-10.2.1/debian/tmp-nvptx/usr,amdgcn-amdhsa=/build/gcc-10-Km9U7s/gcc-10-10.2.1/debian/tmp-gcn/usr,hsa --without-cuda-driver --enable-checking=release --build=x86_64-linux-gnu --host=x86_64-linux-gnu --target=x86_64-linux-gnu --with-build-config=bootstrap-lto-lean --enable-link-mutex
Thread model: posix
Supported LTO compression algorithms: zlib zstd
gcc version 10.2.1 20210110 (Debian 10.2.1-6) 
COMPILER_PATH=/usr/lib/gcc/x86_64-linux-gnu/10/:/usr/lib/gcc/x86_64-linux-gnu/10/:/usr/lib/gcc/x86_64-linux-gnu/:/usr/lib/gcc/x86_64-linux-gnu/10/:/usr/lib/gcc/x86_64-linux-gnu/
LIBRARY_PATH=/usr/lib/gcc/x86_64-linux-gnu/10/:/usr/lib/gcc/x86_64-linux-gnu/10/../../../x86_64-linux-gnu/:/usr/lib/gcc/x86_64-linux-gnu/10/../../../../lib/:/lib/x86_64-linux-gnu/:/lib/../lib/:/usr/lib/x86_64-linux-gnu/:/usr/lib/../lib/:/usr/lib/gcc/x86_64-linux-gnu/10/../../../:/lib/:/usr/lib/
COLLECT_GCC_OPTIONS='-v' '-o' 'cmTC_a5843' '-shared-libgcc' '-mtune=generic' '-march=x86-64'
 /usr/lib/gcc/x86_64-linux-gnu/10/collect2 -plugin /usr/lib/gcc/x86_64-linux-gnu/10/liblto_plugin.so -plugin-opt=/usr/lib/gcc/x86_64-linux-gnu/10/lto-wrapper -plugin-opt=-fresolution=/tmp/cc0PIy6d.res -plugin-opt=-pass-through=-lgcc_s -plugin-opt=-pass-through=-lgcc -plugin-opt=-pass-through=-lc -plugin-opt=-pass-through=-lgcc_s -plugin-opt=-pass-through=-lgcc --build-id --eh-frame-hdr -m elf_x86_64 --hash-style=gnu --as-needed -dynamic-linker /lib64/ld-linux-x86-64.so.2 -pie -o cmTC_a5843 /usr/lib/gcc/x86_64-linux-gnu/10/../../../x86_64-linux-gnu/Scrt1.o /usr/lib/gcc/x86_64-linux-gnu/10/../../../x86_64-linux-gnu/crti.o /usr/lib/gcc/x86_64-linux-gnu/10/crtbeginS.o -L/usr/lib/gcc/x86_64-linux-gnu/10 -L/usr/lib/gcc/x86_64-linux-gnu/10/../../../x86_64-linux-gnu -L/usr/lib/gcc/x86_64-linux-gnu/10/../../../../lib -L/lib/x86_64-linux-gnu -L/lib/../lib -L/usr/lib/x86_64-linux-gnu -L/usr/lib/../lib -L/usr/lib/gcc/x86_64-linux-gnu/10/../../.. CMakeFiles/cmTC_a5843.dir/CMakeCXXCompilerABI.cpp.o -lstdc++ -lm -lgcc_s -lgcc -lc -lgcc_s -lgcc /usr/lib/gcc/x86_64-linux-gnu/10/crtendS.o /usr/lib/gcc/x86_64-linux-gnu/10/../../../x86_64-linux-gnu/crtn.o
COLLECT_GCC_OPTIONS='-v' '-o' 'cmTC_a5843' '-shared-libgcc' '-mtune=generic' '-march=x86-64'
gmake[1]: Leaving directory '/home/zuievant/Desktop/Projects/PatternMatchingAlgorithmsTester/build/CMakeFiles/CMakeTmp'



Parsed CXX implicit include dir info from above output: rv=done
  found start of include info
  found start of implicit include info
    add: [/usr/include/c++/10]
    add: [/usr/include/x86_64-linux-gnu/c++/10]
    add: [/usr/include/c++/10/backward]
    add: [/usr/lib/gcc/x86_64-linux-gnu/10/include]
    add: [/usr/local/include]
    add: [/usr/include/x86_64-linux-gnu]
    add: [/usr/include]
  end of search list found
  collapse include dir [/usr/include/c++/10] ==> [/usr/include/c++/10]
  collapse include dir [/usr/include/x86_64-linux-gnu/c++/10] ==> [/usr/include/x86_64-linux-gnu/c++/10]
  collapse include dir [/usr/include/c++/10/backward] ==> [/usr/include/c++/10/backward]
  collapse include dir [/usr/lib/gcc/x86_64-linux-gnu/10/include] ==> [/usr/lib/gcc/x86_64-linux-gnu/10/include]
  collapse include dir [/usr/local/include] ==> [/usr/local/include]
  collapse include dir [/usr/include/x86_64-linux-gnu] ==> [/usr/include/x86_64-linux-gnu]
  collapse include dir [/usr/include] ==> [/usr/include]
  implicit include dirs: [/usr/include/c++/10;/usr/include/x86_64-linux-gnu/c++/10;/usr/include/c++/10/backward;/usr/lib/gcc/x86_64-linux-gnu/10/include;/usr/local/include;/usr/include/x86_64-linux-gnu;/usr/include]


Parsed CXX implicit link information from above output:
  link line regex: [^( *|.*[/\])(ld|CMAKE_LINK_STARTFILE-NOTFOUND|([^/\]+-)?ld|collect2)[^/\]*( |$)]
  ignore line: [Change Dir: /home/zuievant/Desktop/Projects/PatternMatchingAlgorithmsTester/build/CMakeFiles/CMakeTmp]
  ignore line: []
  ignore line: [Run Build Command(s):/usr/bin/gmake cmTC_a5843/fast && /usr/bin/gmake  -f CMakeFiles/cmTC_a5843.dir/build.make CMakeFiles/cmTC_a5843.dir/build]
  ignore line: [gmake[1]: Entering directory '/home/zuievant/Desktop/Projects/PatternMatchingAlgorithmsTester/build/CMakeFiles/CMakeTmp']
  ignore line: [Building CXX object CMakeFiles/cmTC_a5843.dir/CMakeCXXCompilerABI.cpp.o]
  ignore line: [/usr/bin/g++   -v -o CMakeFiles/cmTC_a5843.dir/CMakeCXXCompilerABI.cpp.o -c /usr/share/cmake-3.18/Modules/CMakeCXXCompilerABI.cpp]
  ignore line: [Using built-in specs.]
  ignore line: [COLLECT_GCC=/usr/bin/g++]
  ignore line: [OFFLOAD_TARGET_NAMES=nvptx-none:amdgcn-amdhsa:hsa]
  ignore line: [OFFLOAD_TARGET_DEFAULT=1]
  ignore line: [Target: x86_64-linux-gnu]
  ignore line: [Configured with: ../src/configure -v --with-pkgversion='Debian 10.2.1-6' --with-bugurl=file:///usr/share/doc/gcc-10/README.Bugs --enable-languages=c ada c++ go brig d fortran objc obj-c++ m2 --prefix=/usr --with-gcc-major-version-only --program-suffix=-10 --program-prefix=x86_64-linux-gnu- --enable-shared --enable-linker-build-id --libexecdir=/usr/lib --without-included-gettext --enable-threads=posix --libdir=/usr/lib --enable-nls --enable-bootstrap --enable-clocale=gnu --enable-libstdcxx-debug --enable-libstdcxx-time=yes --with-default-libstdcxx-abi=new --enable-gnu-unique-object --disable-vtable-verify --enable-plugin --enable-default-pie --with-system-zlib --enable-libphobos-checking=release --with-target-system-zlib=auto --enable-objc-gc=auto --enable-multiarch --disable-werror --with-arch-32=i686 --with-abi=m64 --with-multilib-list=m32 m64 mx32 --enable-multilib --with-tune=generic --enable-offload-targets=nvptx-none=/build/gcc-10-Km9U7s/gcc-10-10.2.1/debian/tmp-nvptx/usr amdgcn-amdhsa=/build/gcc-10-Km9U7s/gcc-10-10.2.1/debian/tmp-gcn/usr hsa --without-cuda-driver --enable-checking=release --build=x86_64-linux-gnu --host=x86_64-linux-gnu --target=x86_64-linux-gnu --with-build-config=bootstrap-lto-lean --enable-link-mutex]
  ignore line: [Thread model: posix]
  ignore line: [Supported LTO compression algorithms: zlib zstd]
  ignore line: [gcc version 10.2.1 20210110 (Debian 10.2.1-6) ]
  ignore line: [COLLECT_GCC_OPTIONS='-v' '-o' 'CMakeFiles/cmTC_a5843.dir/CMakeCXXCompilerABI.cpp.o' '-c' '-shared-libgcc' '-mtune=generic' '-march=x86-64']
  ignore line: [ /usr/lib/gcc/x86_64-linux-gnu/10/cc1plus -quiet -v -imultiarch x86_64-linux-gnu -D_GNU_SOURCE /usr/share/cmake-3.18/Modules/CMakeCXXCompilerABI.cpp -quiet -dumpbase CMakeCXXCompilerABI.cpp -mtune=generic -march=x86-64 -auxbase-strip CMakeFiles/cmTC_a5843.dir/CMakeCXXCompilerABI.cpp.o -version -fasynchronous-unwind-tables -o /tmp/ccATFj0K.s]
  ignore line: [GNU C++14 (Debian 10.2.1-6) version 10.2.1 20210110 (x86_64-linux-gnu)]
  ignore line: [	compiled by GNU C version 10.2.1 20210110  GMP version 6.2.1  MPFR version 4.1.0  MPC version 1.2.0  isl version isl-0.23-GMP]
  ignore line: []
  ignore line: [GGC heuristics: --param ggc-min-expand=100 --param ggc-min-heapsize=131072]
  ignore line: [ignoring duplicate directory "/usr/include/x86_64-linux-gnu/c++/10"]
  ignore line: [ignoring nonexistent directory "/usr/local/include/x86_64-linux-gnu"]
  ignore line: [ignoring nonexistent directory "/usr/lib/gcc/x86_64-linux-gnu/10/include-fixed"]
  ignore line: [ignoring nonexistent directory "/usr/lib/gcc/x86_64-linux-gnu/10/../../../../x86_64-linux-gnu/include"]
  ignore line: [#include "..." search starts here:]
  ignore line: [#include <...> search starts here:]
  ignore line: [ /usr/include/c++/10]
  ignore line: [ /usr/include/x86_64-linux-gnu/c++/10]
  ignore line: [ /usr/include/c++/10/backward]
  ignore line: [ /usr/lib/gcc/x86_64-linux-gnu/10/include]
  ignore line: [ /usr/local/include]
  ignore line: [ /usr/include/x86_64-linux-gnu]
  ignore line: [ /usr/include]
  ignore line: [End of search list.]
  ignore line: [GNU C++14 (Debian 10.2.1-6) version 10.2.1 20210110 (x86_64-linux-gnu)]
  ignore line: [	compiled by GNU C version 10.2.1 20210110  GMP version 6.2.1  MPFR version 4.1.0  MPC version 1.2.0  isl version isl-0.23-GMP]
  ignore line: []
  ignore line: [GGC heuristics: --param ggc-min-expand=100 --param ggc-min-heapsize=131072]
  ignore line: [Compiler executable checksum: 048fcaee3460a99eb0d68522358720e1]
  ignore line: [COLLECT_GCC_OPTIONS='-v' '-o' 'CMakeFiles/cmTC_a5843.dir/CMakeCXXCompilerABI.cpp.o' '-c' '-shared-libgcc' '-mtune=generic' '-march=x86-64']
  ignore line: [ as -v --64 -o CMakeFiles/cmTC_a5843.dir/CMakeCXXCompilerABI.cpp.o /tmp/ccATFj0K.s]
  ignore line: [GNU assembler version 2.35.2 (x86_64-linux-gnu) using BFD version (GNU Binutils for Debian) 2.35.2]
  ignore line: [COMPILER_PATH=/usr/lib/gcc/x86_64-linux-gnu/10/:/usr/lib/gcc/x86_64-linux-gnu/10/:/usr/lib/gcc/x86_64-linux-gnu/:/usr/lib/gcc/x86_64-linux-gnu/10/:/usr/lib/gcc/x86_64-linux-gnu/]
  ignore line: [LIBRARY_PATH=/usr/lib/gcc/x86_64-linux-gnu/10/:/usr/lib/gcc/x86_64-linux-gnu/10/../../../x86_64-linux-gnu/:/usr/lib/gcc/x86_64-linux-gnu/10/../../../../lib/:/lib/x86_64-linux-gnu/:/lib/../lib/:/usr/lib/x86_64-linux-gnu/:/usr/lib/../lib/:/usr/lib/gcc/x86_64-linux-gnu/10/../../../:/lib/:/usr/lib/]
  ignore line: [COLLECT_GCC_OPTIONS='-v' '-o' 'CMakeFiles/cmTC_a5843.dir/CMakeCXXCompilerABI.cpp.o' '-c' '-shared-libgcc' '-mtune=generic' '-march=x86-64']
  ignore line: [Linking CXX executable cmTC_a5843]
  ignore line: [/usr/bin/cmake -E cmake_link_script CMakeFiles/cmTC_a5843.dir/link.txt --verbose=1]
  ignore line: [/usr/bin/g++  -v CMakeFiles/cmTC_a5843.dir/CMakeCXXCompilerABI.cpp.o -o cmTC_a5843 ]
  ignore line: [Using built-in specs.]
  ignore line: [COLLECT_GCC=/usr/bin/g++]
  ignore line: [COLLECT_LTO_WRAPPER=/usr/lib/gcc/x86_64-linux-gnu/10/lto-wrapper]
  ignore line: [OFFLOAD_TARGET_NAMES=nvptx-none:amdgcn-amdhsa:hsa]
  ignore line: [OFFLOAD_TARGET_DEFAULT=1]
  ignore line: [Target: x86_64-linux-gnu]
  ignore line: [Configured with: ../src/configure -v --with-pkgversion='Debian 10.2.1-6' --with-bugurl=file:///usr/share/doc/gcc-10/README.Bugs --enable-languages=c ada c++ go brig d fortran objc obj-c++ m2 --prefix=/usr --with-gcc-major-version-only --program-suffix=-10 --program-prefix=x86_64-linux-gnu- --enable-shared --enable-linker-build-id --libexecdir=/usr/lib --without-included-gettext --enable-threads=posix --libdir=/usr/lib --enable-nls --enable-bootstrap --enable-clocale=gnu --enable-libstdcxx-debug --enable-libstdcxx-time=yes --with-default-libstdcxx-abi=new --enable-gnu-unique-object --disable-vtable-verify --enable-plugin --enable-default-pie --with-system-zlib --enable-libphobos-checking=release --with-target-system-zlib=auto --enable-objc-gc=auto --enable-multiarch --disable-werror --with-arch-32=i686 --with-abi=m64 --with-multilib-list=m32 m64 mx32 --enable-multilib --with-tune=generic --enable-offload-targets=nvptx-none=/build/gcc-10-Km9U7s/gcc-10-10.2.1/debian/tmp-nvptx/usr amdgcn-amdhsa=/build/gcc-10-Km9U7s/gcc-10-10.2.1/debian/tmp-gcn/usr hsa --without-cuda-driver --enable-checking=release --build=x86_64-linux-gnu --host=x86_64-linux-gnu --target=x86_64-linux-gnu --with-build-config=bootstrap-lto-lean --enable-link-mutex]
  ignore line: [Thread model: posix]
  ignore line: [Supported LTO compression algorithms: zlib zstd]
  ignore line: [gcc version 10.2.1 20210110 (Debian 10.2.1-6) ]
  ignore line: [COMPILER_PATH=/usr/lib/gcc/x86_64-linux-gnu/10/:/usr/lib/gcc/x86_64-linux-gnu/10/:/usr/lib/gcc/x86_64-linux-gnu/:/usr/lib/gcc/x86_64-linux-gnu/10/:/usr/lib/gcc/x86_64-linux-gnu/]
  ignore line: [LIBRARY_PATH=/usr/lib/gcc/x86_64-linux-gnu/10/:/usr/lib/gcc/x86_64-linux-gnu/10/../../../x86_64-linux-gnu/:/usr/lib/gcc/x86_64-linux-gnu/10/../../../../lib/:/lib/x86_64-linux-gnu/:/lib/../lib/:/usr/lib/x86_64-linux-gnu/:/usr/lib/../lib/:/usr/lib/gcc/x86_64-linux-gnu/10/../../../:/lib/:/usr/lib/]
  ignore line: [COLLECT_GCC_OPTIONS='-v' '-o' 'cmTC_a5843' '-shared-libgcc' '-mtune=generic' '-march=x86-64']
  link line: [ /usr/lib/gcc/x86_64-linux-gnu/10/collect2 -plugin /usr/lib/gcc/x86_64-linux-gnu/10/liblto_plugin.so -plugin-opt=/usr/lib/gcc/x86_64-linux-gnu/10/lto-wrapper -plugin-opt=-fresolution=/tmp/cc0PIy6d.res -plugin-opt=-pass-through=-lgcc_s -plugin-opt=-pass-through=-lgcc -plugin-opt=-pass-through=-lc -plugin-opt=-pass-through=-lgcc_s -plugin-opt=-pass-through=-lgcc --build-id --eh-frame-hdr -m elf_x86_64 --hash-style=gnu --as-needed -dynamic-linker /lib64/ld-linux-x86-64.so.2 -pie -o cmTC_a5843 /usr/lib/gcc/x86_64-linux-gnu/10/../../../x86_64-linux-gnu/Scrt1.o /usr/lib/gcc/x86_64-linux-gnu/10/../../../x86_64-linux-gnu/crti.o /usr/lib/gcc/x86_64-linux-gnu/10/crtbeginS.o -L/usr/lib/gcc/x86_64-linux-gnu/10 -L/usr/lib/gcc/x86_64-linux-gnu/10/../../../x86_64-linux-gnu -L/usr/lib/gcc/x86_64-linux-gnu/10/../../../../lib -L/lib/x86_64-linux-gnu -L/lib/../lib -L/usr/lib/x86_64-linux-gnu -L/usr/lib/../lib -L/usr/lib/gcc/x86_64-linux-gnu/10/../../.. CMakeFiles/cmTC_a5843.dir/CMakeCXXCompilerABI.cpp.o -lstdc++ -lm -lgcc_s -lgcc -lc -lgcc_s -lgcc /usr/lib/gcc/x86_64-linux-gnu/10/crtendS.o /usr/lib/gcc/x86_64-linux-gnu/10/../../../x86_64-linux-gnu/crtn.o]
    arg [/usr/lib/gcc/x86_64-linux-gnu/10/collect2] ==> ignore
    arg [-plugin] ==> ignore
    arg [/usr/lib/gcc/x86_64-linux-gnu/10/liblto_plugin.so] ==> ignore
    arg [-plugin-opt=/usr/lib/gcc/x86_64-linux-gnu/10/lto-wrapper] ==> ignore
    arg [-plugin-opt=-fresolution=/tmp/cc0PIy6d.res] ==> ignore
    arg [-plugin-opt=-pass-through=-lgcc_s] ==> ignore
    arg [-plugin-opt=-pass-through=-lgcc] ==> ignore
    arg [-plugin-opt=-pass-through=-lc] ==> ignore
    arg [-plugin-opt=-pass-through=-lgcc_s] ==> ignore
    arg [-plugin-opt=-pass-through=-lgcc] ==> ignore
    arg [--build-id] ==> ignore
    arg [--eh-frame-hdr] ==> ignore
    arg [-m] ==> ignore
    arg [elf_x86_64] ==> ignore
    arg [--hash-style=gnu] ==> ignore
    arg [--as-needed] ==> ignore
    arg [-dynamic-linker] ==> ignore
    arg [/lib64/ld-linux-x86-64.so.2] ==> ignore
    arg [-pie] ==> ignore
    arg [-o] ==> ignore
    arg [cmTC_a5843] ==> ignore
    arg [/usr/lib/gcc/x86_64-linux-gnu/10/../../../x86_64-linux-gnu/Scrt1.o] ==> ignore
    arg [/usr/lib/gcc/x86_64-linux-gnu/10/../../../x86_64-linux-gnu/crti.o] ==> ignore
    arg [/usr/lib/gcc/x86_64-linux-gnu/10/crtbeginS.o] ==> ignore
    arg [-L/usr/lib/gcc/x86_64-linux-gnu/10] ==> dir [/usr/lib/gcc/x86_64-linux-gnu/10]
    arg [-L/usr/lib/gcc/x86_64-linux-gnu/10/../../../x86_64-linux-gnu] ==> dir [/usr/lib/gcc/x86_64-linux-gnu/10/../../../x86_64-linux-gnu]
    arg [-L/usr/lib/gcc/x86_64-linux-gnu/10/../../../../lib] ==> dir [/usr/lib/gcc/x86_64-linux-gnu/10/../../../../lib]
    arg [-L/lib/x86_64-linux-gnu] ==> dir [/lib/x86_64-linux-gnu]
    arg [-L/lib/../lib] ==> dir [/lib/../lib]
    arg [-L/usr/lib/x86_64-linux-gnu] ==> dir [/usr/lib/x86_64-linux-gnu]
    arg [-L/usr/lib/../lib] ==> dir [/usr/lib/../lib]
    arg [-L/usr/lib/gcc/x86_64-linux-gnu/10/../../..] ==> dir [/usr/lib/gcc/x86_64-linux-gnu/10/../../..]
    arg [CMakeFiles/cmTC_a5843.dir/CMakeCXXCompilerABI.cpp.o] ==> ignore
    arg [-lstdc++] ==> lib [stdc++]
    arg [-lm] ==> lib [m]
    arg [-lgcc_s] ==> lib [gcc_s]
    arg [-lgcc] ==> lib [gcc]
    arg [-lc] ==> lib [c]
    arg [-lgcc_s] ==> lib [gcc_s]
    arg [-lgcc] ==> lib [gcc]
    arg [/usr/lib/gcc/x86_64-linux-gnu/10/crtendS.o] ==> ignore
    arg [/usr/lib/gcc/x86_64-linux-gnu/10/../../../x86_64-linux-gnu/crtn.o] ==> ignore
  collapse library dir [/usr/lib/gcc/x86_64-linux-gnu/10] ==> [/usr/lib/gcc/x86_64-linux-gnu/10]
  collapse library dir [/usr/lib/gcc/x86_64-linux-gnu/10/../../../x86_64-linux-gnu] ==> [/usr/lib/x86_64-linux-gnu]
  collapse library dir [/usr/lib/gcc/x86_64-linux-gnu/10/../../../../lib] ==> [/usr/lib]
  collapse library dir [/lib/x86_64-linux-gnu] ==> [/lib/x86_64-linux-gnu]
  collapse library dir [/lib/../lib] ==> [/lib]
  collapse library dir [/usr/lib/x86_64-linux-gnu] ==> [/usr/lib/x86_64-linux-gnu]
  collapse library dir [/usr/lib/../lib] ==> [/usr/lib]
  collapse library dir [/usr/lib/gcc/x86_64-linux-gnu/10/../../..] ==> [/usr/lib]
  implicit libs: [stdc++;m;gcc_s;gcc;c;gcc_s;gcc]
  implicit dirs: [/usr/lib/gcc/x86_64-linux-gnu/10;/usr/lib/x86_64-linux-gnu;/usr/lib;/lib/x86_64-linux-gnu;/lib]
  implicit fwks: []


The system is: Windows - 10.0.20348 - AMD64
Compiling the C compiler identification source file "CMakeCCompilerId.c" succeeded.
Compiler: C:/MinGW/bin/gcc.exe 
Build flags: 
Id flags:  

The output was:
0


Compilation of the C compiler identification source "CMakeCCompilerId.c" produced "a.exe"

The C compiler identification is GNU, found in "C:/Users/zuievant/Projects/PatternMatchingAlgorithmsTester/build/CMakeFiles/3.25.1/CompilerIdC/a.exe"

Compiling the CXX compiler identification source file "CMakeCXXCompilerId.cpp" succeeded.
Compiler: C:/MinGW/bin/g++.exe 
Build flags: 
Id flags:  

The output was:
0


Compilation of the CXX compiler identification source "CMakeCXXCompilerId.cpp" produced "a.exe"

The CXX compiler identification is GNU, found in "C:/Users/zuievant/Projects/PatternMatchingAlgorithmsTester/build/CMakeFiles/3.25.1/CompilerIdCXX/a.exe"

Detecting C compiler ABI info compiled with the following output:
Change Dir: C:/Users/zuievant/Projects/PatternMatchingAlgorithmsTester/build/CMakeFiles/CMakeScratch/TryCompile-joakcq

Run Build Command(s):C:/msys64/mingw64/bin/ninja.exe cmTC_7f070 && [1/2] Building C object CMakeFiles/cmTC_7f070.dir/CMakeCCompilerABI.c.obj
Using built-in specs.
COLLECT_GCC=C:\MinGW\bin\gcc.exe
Target: mingw32
Configured with: ../src/gcc-6.3.0/configure --build=x86_64-pc-linux-gnu --host=mingw32 --target=mingw32 --with-gmp=/mingw --with-mpfr --with-mpc=/mingw --with-isl=/mingw --prefix=/mingw --disable-win32-registry --with-arch=i586 --with-tune=generic --enable-languages=c,c++,objc,obj-c++,fortran,ada --with-pkgversion='MinGW.org GCC-6.3.0-1' --enable-static --enable-shared --enable-threads --with-dwarf2 --disable-sjlj-exceptions --enable-version-specific-runtime-libs --with-libiconv-prefix=/mingw --with-libintl-prefix=/mingw --enable-libstdcxx-debug --enable-libgomp --disable-libvtv --enable-nls
Thread model: win32
gcc version 6.3.0 (MinGW.org GCC-6.3.0-1) 
COLLECT_GCC_OPTIONS='-v' '-o' 'CMakeFiles/cmTC_7f070.dir/CMakeCCompilerABI.c.obj' '-c' '-mtune=generic' '-march=i586'
 c:/mingw/bin/../libexec/gcc/mingw32/6.3.0/cc1.exe -quiet -v -iprefix c:\mingw\bin\../lib/gcc/mingw32/6.3.0/ C:/msys64/mingw64/share/cmake/Modules/CMakeCCompilerABI.c -quiet -dumpbase CMakeCCompilerABI.c -mtune=generic -march=i586 -auxbase-strip CMakeFiles/cmTC_7f070.dir/CMakeCCompilerABI.c.obj -version -o C:\Users\zuievant\AppData\Local\Temp\2\cc4r3tsg.s
GNU C11 (MinGW.org GCC-6.3.0-1) version 6.3.0 (mingw32)
	compiled by GNU C version 6.3.0, GMP version 6.1.2, MPFR version 3.1.5, MPC version 1.0.3, isl version 0.15
GGC heuristics: --param ggc-min-expand=100 --param ggc-min-heapsize=131072
ignoring nonexistent directory "c:\mingw\bin\../lib/gcc/mingw32/6.3.0/../../../../mingw32/include"
ignoring duplicate directory "c:/mingw/lib/gcc/../../lib/gcc/mingw32/6.3.0/include"
ignoring duplicate directory "/mingw/lib/gcc/mingw32/6.3.0/../../../../include"
ignoring duplicate directory "c:/mingw/lib/gcc/../../include"
ignoring duplicate directory "c:/mingw/lib/gcc/../../lib/gcc/mingw32/6.3.0/include-fixed"
ignoring nonexistent directory "c:/mingw/lib/gcc/../../lib/gcc/mingw32/6.3.0/../../../../mingw32/include"
ignoring duplicate directory "/mingw/include"
#include "..." search starts here:
#include <...> search starts here:
 c:\mingw\bin\../lib/gcc/mingw32/6.3.0/include
 c:\mingw\bin\../lib/gcc/mingw32/6.3.0/../../../../include
 c:\mingw\bin\../lib/gcc/mingw32/6.3.0/include-fixed
End of search list.
GNU C11 (MinGW.org GCC-6.3.0-1) version 6.3.0 (mingw32)
	compiled by GNU C version 6.3.0, GMP version 6.1.2, MPFR version 3.1.5, MPC version 1.0.3, isl version 0.15
GGC heuristics: --param ggc-min-expand=100 --param ggc-min-heapsize=131072
Compiler executable checksum: 384cad586f05ed581a9c068b2f18b408
COLLECT_GCC_OPTIONS='-v' '-o' 'CMakeFiles/cmTC_7f070.dir/CMakeCCompilerABI.c.obj' '-c' '-mtune=generic' '-march=i586'
 c:/mingw/bin/../lib/gcc/mingw32/6.3.0/../../../../mingw32/bin/as.exe -v -o CMakeFiles/cmTC_7f070.dir/CMakeCCompilerABI.c.obj C:\Users\zuievant\AppData\Local\Temp\2\cc4r3tsg.s
GNU assembler version 2.28 (mingw32) using BFD version (GNU Binutils) 2.28
COMPILER_PATH=c:/mingw/bin/../libexec/gcc/mingw32/6.3.0/;c:/mingw/bin/../libexec/gcc/;c:/mingw/bin/../lib/gcc/mingw32/6.3.0/../../../../mingw32/bin/
LIBRARY_PATH=c:/mingw/bin/../lib/gcc/mingw32/6.3.0/;c:/mingw/bin/../lib/gcc/;c:/mingw/bin/../lib/gcc/mingw32/6.3.0/../../../../mingw32/lib/;c:/mingw/bin/../lib/gcc/mingw32/6.3.0/../../../
COLLECT_GCC_OPTIONS='-v' '-o' 'CMakeFiles/cmTC_7f070.dir/CMakeCCompilerABI.c.obj' '-c' '-mtune=generic' '-march=i586'
[2/2] Linking C executable cmTC_7f070.exe
Using built-in specs.
COLLECT_GCC=C:\MinGW\bin\gcc.exe
COLLECT_LTO_WRAPPER=c:/mingw/bin/../libexec/gcc/mingw32/6.3.0/lto-wrapper.exe
Target: mingw32
Configured with: ../src/gcc-6.3.0/configure --build=x86_64-pc-linux-gnu --host=mingw32 --target=mingw32 --with-gmp=/mingw --with-mpfr --with-mpc=/mingw --with-isl=/mingw --prefix=/mingw --disable-win32-registry --with-arch=i586 --with-tune=generic --enable-languages=c,c++,objc,obj-c++,fortran,ada --with-pkgversion='MinGW.org GCC-6.3.0-1' --enable-static --enable-shared --enable-threads --with-dwarf2 --disable-sjlj-exceptions --enable-version-specific-runtime-libs --with-libiconv-prefix=/mingw --with-libintl-prefix=/mingw --enable-libstdcxx-debug --enable-libgomp --disable-libvtv --enable-nls
Thread model: win32
gcc version 6.3.0 (MinGW.org GCC-6.3.0-1) 
COMPILER_PATH=c:/mingw/bin/../libexec/gcc/mingw32/6.3.0/;c:/mingw/bin/../libexec/gcc/;c:/mingw/bin/../lib/gcc/mingw32/6.3.0/../../../../mingw32/bin/
LIBRARY_PATH=c:/mingw/bin/../lib/gcc/mingw32/6.3.0/;c:/mingw/bin/../lib/gcc/;c:/mingw/bin/../lib/gcc/mingw32/6.3.0/../../../../mingw32/lib/;c:/mingw/bin/../lib/gcc/mingw32/6.3.0/../../../
COLLECT_GCC_OPTIONS='-v' '-o' 'cmTC_7f070.exe' '-mtune=generic' '-march=i586'
 c:/mingw/bin/../libexec/gcc/mingw32/6.3.0/collect2.exe -plugin c:/mingw/bin/../libexec/gcc/mingw32/6.3.0/liblto_plugin-0.dll -plugin-opt=c:/mingw/bin/../libexec/gcc/mingw32/6.3.0/lto-wrapper.exe -plugin-opt=-fresolution=C:\Users\zuievant\AppData\Local\Temp\2\ccfDdPFp.res -plugin-opt=-pass-through=-lmingw32 -plugin-opt=-pass-through=-lgcc -plugin-opt=-pass-through=-lgcc_eh -plugin-opt=-pass-through=-lmoldname -plugin-opt=-pass-through=-lmingwex -plugin-opt=-pass-through=-lmsvcrt -plugin-opt=-pass-through=-ladvapi32 -plugin-opt=-pass-through=-lshell32 -plugin-opt=-pass-through=-luser32 -plugin-opt=-pass-through=-lkernel32 -plugin-opt=-pass-through=-lmingw32 -plugin-opt=-pass-through=-lgcc -plugin-opt=-pass-through=-lgcc_eh -plugin-opt=-pass-through=-lmoldname -plugin-opt=-pass-through=-lmingwex -plugin-opt=-pass-through=-lmsvcrt -Bdynamic -o cmTC_7f070.exe c:/mingw/bin/../lib/gcc/mingw32/6.3.0/../../../crt2.o c:/mingw/bin/../lib/gcc/mingw32/6.3.0/crtbegin.o -Lc:/mingw/bin/../lib/gcc/mingw32/6.3.0 -Lc:/mingw/bin/../lib/gcc -Lc:/mingw/bin/../lib/gcc/mingw32/6.3.0/../../../../mingw32/lib -Lc:/mingw/bin/../lib/gcc/mingw32/6.3.0/../../.. CMakeFiles/cmTC_7f070.dir/CMakeCCompilerABI.c.obj --out-implib libcmTC_7f070.dll.a --major-image-version 0 --minor-image-version 0 -lmingw32 -lgcc -lgcc_eh -lmoldname -lmingwex -lmsvcrt -ladvapi32 -lshell32 -luser32 -lkernel32 -lmingw32 -lgcc -lgcc_eh -lmoldname -lmingwex -lmsvcrt c:/mingw/bin/../lib/gcc/mingw32/6.3.0/crtend.o
COLLECT_GCC_OPTIONS='-v' '-o' 'cmTC_7f070.exe' '-mtune=generic' '-march=i586'



Parsed C implicit include dir info from above output: rv=done
  found start of include info
  found start of implicit include info
    add: [c:/mingw/bin/../lib/gcc/mingw32/6.3.0/include]
    add: [c:/mingw/bin/../lib/gcc/mingw32/6.3.0/../../../../include]
    add: [c:/mingw/bin/../lib/gcc/mingw32/6.3.0/include-fixed]
  end of search list found
  collapse include dir [c:/mingw/bin/../lib/gcc/mingw32/6.3.0/include] ==> [C:/MinGW/lib/gcc/mingw32/6.3.0/include]
  collapse include dir [c:/mingw/bin/../lib/gcc/mingw32/6.3.0/../../../../include] ==> [C:/MinGW/include]
  collapse include dir [c:/mingw/bin/../lib/gcc/mingw32/6.3.0/include-fixed] ==> [C:/MinGW/lib/gcc/mingw32/6.3.0/include-fixed]
  implicit include dirs: [C:/MinGW/lib/gcc/mingw32/6.3.0/include;C:/MinGW/include;C:/MinGW/lib/gcc/mingw32/6.3.0/include-fixed]


Parsed C implicit link information from above output:
  link line regex: [^( *|.*[/\])(ld\.exe|CMAKE_LINK_STARTFILE-NOTFOUND|([^/\]+-)?ld|collect2)[^/\]*( |$)]
  ignore line: [Change Dir: C:/Users/zuievant/Projects/PatternMatchingAlgorithmsTester/build/CMakeFiles/CMakeScratch/TryCompile-joakcq]
  ignore line: []
  ignore line: [Run Build Command(s):C:/msys64/mingw64/bin/ninja.exe cmTC_7f070 && [1/2] Building C object CMakeFiles/cmTC_7f070.dir/CMakeCCompilerABI.c.obj]
  ignore line: [Using built-in specs.]
  ignore line: [COLLECT_GCC=C:\MinGW\bin\gcc.exe]
  ignore line: [Target: mingw32]
  ignore line: [Configured with: ../src/gcc-6.3.0/configure --build=x86_64-pc-linux-gnu --host=mingw32 --target=mingw32 --with-gmp=/mingw --with-mpfr --with-mpc=/mingw --with-isl=/mingw --prefix=/mingw --disable-win32-registry --with-arch=i586 --with-tune=generic --enable-languages=c c++ objc obj-c++ fortran ada --with-pkgversion='MinGW.org GCC-6.3.0-1' --enable-static --enable-shared --enable-threads --with-dwarf2 --disable-sjlj-exceptions --enable-version-specific-runtime-libs --with-libiconv-prefix=/mingw --with-libintl-prefix=/mingw --enable-libstdcxx-debug --enable-libgomp --disable-libvtv --enable-nls]
  ignore line: [Thread model: win32]
  ignore line: [gcc version 6.3.0 (MinGW.org GCC-6.3.0-1) ]
  ignore line: [COLLECT_GCC_OPTIONS='-v' '-o' 'CMakeFiles/cmTC_7f070.dir/CMakeCCompilerABI.c.obj' '-c' '-mtune=generic' '-march=i586']
  ignore line: [ c:/mingw/bin/../libexec/gcc/mingw32/6.3.0/cc1.exe -quiet -v -iprefix c:\mingw\bin\../lib/gcc/mingw32/6.3.0/ C:/msys64/mingw64/share/cmake/Modules/CMakeCCompilerABI.c -quiet -dumpbase CMakeCCompilerABI.c -mtune=generic -march=i586 -auxbase-strip CMakeFiles/cmTC_7f070.dir/CMakeCCompilerABI.c.obj -version -o C:\Users\zuievant\AppData\Local\Temp\2\cc4r3tsg.s]
  ignore line: [GNU C11 (MinGW.org GCC-6.3.0-1) version 6.3.0 (mingw32)]
  ignore line: [	compiled by GNU C version 6.3.0  GMP version 6.1.2  MPFR version 3.1.5  MPC version 1.0.3  isl version 0.15]
  ignore line: [GGC heuristics: --param ggc-min-expand=100 --param ggc-min-heapsize=131072]
  ignore line: [ignoring nonexistent directory "c:\mingw\bin\../lib/gcc/mingw32/6.3.0/../../../../mingw32/include"]
  ignore line: [ignoring duplicate directory "c:/mingw/lib/gcc/../../lib/gcc/mingw32/6.3.0/include"]
  ignore line: [ignoring duplicate directory "/mingw/lib/gcc/mingw32/6.3.0/../../../../include"]
  ignore line: [ignoring duplicate directory "c:/mingw/lib/gcc/../../include"]
  ignore line: [ignoring duplicate directory "c:/mingw/lib/gcc/../../lib/gcc/mingw32/6.3.0/include-fixed"]
  ignore line: [ignoring nonexistent directory "c:/mingw/lib/gcc/../../lib/gcc/mingw32/6.3.0/../../../../mingw32/include"]
  ignore line: [ignoring duplicate directory "/mingw/include"]
  ignore line: [#include "..." search starts here:]
  ignore line: [#include <...> search starts here:]
  ignore line: [ c:\mingw\bin\../lib/gcc/mingw32/6.3.0/include]
  ignore line: [ c:\mingw\bin\../lib/gcc/mingw32/6.3.0/../../../../include]
  ignore line: [ c:\mingw\bin\../lib/gcc/mingw32/6.3.0/include-fixed]
  ignore line: [End of search list.]
  ignore line: [GNU C11 (MinGW.org GCC-6.3.0-1) version 6.3.0 (mingw32)]
  ignore line: [	compiled by GNU C version 6.3.0  GMP version 6.1.2  MPFR version 3.1.5  MPC version 1.0.3  isl version 0.15]
  ignore line: [GGC heuristics: --param ggc-min-expand=100 --param ggc-min-heapsize=131072]
  ignore line: [Compiler executable checksum: 384cad586f05ed581a9c068b2f18b408]
  ignore line: [COLLECT_GCC_OPTIONS='-v' '-o' 'CMakeFiles/cmTC_7f070.dir/CMakeCCompilerABI.c.obj' '-c' '-mtune=generic' '-march=i586']
  ignore line: [ c:/mingw/bin/../lib/gcc/mingw32/6.3.0/../../../../mingw32/bin/as.exe -v -o CMakeFiles/cmTC_7f070.dir/CMakeCCompilerABI.c.obj C:\Users\zuievant\AppData\Local\Temp\2\cc4r3tsg.s]
  ignore line: [GNU assembler version 2.28 (mingw32) using BFD version (GNU Binutils) 2.28]
  ignore line: [COMPILER_PATH=c:/mingw/bin/../libexec/gcc/mingw32/6.3.0/]
  ignore line: [c:/mingw/bin/../libexec/gcc/]
  ignore line: [c:/mingw/bin/../lib/gcc/mingw32/6.3.0/../../../../mingw32/bin/]
  ignore line: [LIBRARY_PATH=c:/mingw/bin/../lib/gcc/mingw32/6.3.0/]
  ignore line: [c:/mingw/bin/../lib/gcc/]
  ignore line: [c:/mingw/bin/../lib/gcc/mingw32/6.3.0/../../../../mingw32/lib/]
  ignore line: [c:/mingw/bin/../lib/gcc/mingw32/6.3.0/../../../]
  ignore line: [COLLECT_GCC_OPTIONS='-v' '-o' 'CMakeFiles/cmTC_7f070.dir/CMakeCCompilerABI.c.obj' '-c' '-mtune=generic' '-march=i586']
  ignore line: [[2/2] Linking C executable cmTC_7f070.exe]
  ignore line: [Using built-in specs.]
  ignore line: [COLLECT_GCC=C:\MinGW\bin\gcc.exe]
  ignore line: [COLLECT_LTO_WRAPPER=c:/mingw/bin/../libexec/gcc/mingw32/6.3.0/lto-wrapper.exe]
  ignore line: [Target: mingw32]
  ignore line: [Configured with: ../src/gcc-6.3.0/configure --build=x86_64-pc-linux-gnu --host=mingw32 --target=mingw32 --with-gmp=/mingw --with-mpfr --with-mpc=/mingw --with-isl=/mingw --prefix=/mingw --disable-win32-registry --with-arch=i586 --with-tune=generic --enable-languages=c c++ objc obj-c++ fortran ada --with-pkgversion='MinGW.org GCC-6.3.0-1' --enable-static --enable-shared --enable-threads --with-dwarf2 --disable-sjlj-exceptions --enable-version-specific-runtime-libs --with-libiconv-prefix=/mingw --with-libintl-prefix=/mingw --enable-libstdcxx-debug --enable-libgomp --disable-libvtv --enable-nls]
  ignore line: [Thread model: win32]
  ignore line: [gcc version 6.3.0 (MinGW.org GCC-6.3.0-1) ]
  ignore line: [COMPILER_PATH=c:/mingw/bin/../libexec/gcc/mingw32/6.3.0/]
  ignore line: [c:/mingw/bin/../libexec/gcc/]
  ignore line: [c:/mingw/bin/../lib/gcc/mingw32/6.3.0/../../../../mingw32/bin/]
  ignore line: [LIBRARY_PATH=c:/mingw/bin/../lib/gcc/mingw32/6.3.0/]
  ignore line: [c:/mingw/bin/../lib/gcc/]
  ignore line: [c:/mingw/bin/../lib/gcc/mingw32/6.3.0/../../../../mingw32/lib/]
  ignore line: [c:/mingw/bin/../lib/gcc/mingw32/6.3.0/../../../]
  ignore line: [COLLECT_GCC_OPTIONS='-v' '-o' 'cmTC_7f070.exe' '-mtune=generic' '-march=i586']
  link line: [ c:/mingw/bin/../libexec/gcc/mingw32/6.3.0/collect2.exe -plugin c:/mingw/bin/../libexec/gcc/mingw32/6.3.0/liblto_plugin-0.dll -plugin-opt=c:/mingw/bin/../libexec/gcc/mingw32/6.3.0/lto-wrapper.exe -plugin-opt=-fresolution=C:\Users\zuievant\AppData\Local\Temp\2\ccfDdPFp.res -plugin-opt=-pass-through=-lmingw32 -plugin-opt=-pass-through=-lgcc -plugin-opt=-pass-through=-lgcc_eh -plugin-opt=-pass-through=-lmoldname -plugin-opt=-pass-through=-lmingwex -plugin-opt=-pass-through=-lmsvcrt -plugin-opt=-pass-through=-ladvapi32 -plugin-opt=-pass-through=-lshell32 -plugin-opt=-pass-through=-luser32 -plugin-opt=-pass-through=-lkernel32 -plugin-opt=-pass-through=-lmingw32 -plugin-opt=-pass-through=-lgcc -plugin-opt=-pass-through=-lgcc_eh -plugin-opt=-pass-through=-lmoldname -plugin-opt=-pass-through=-lmingwex -plugin-opt=-pass-through=-lmsvcrt -Bdynamic -o cmTC_7f070.exe c:/mingw/bin/../lib/gcc/mingw32/6.3.0/../../../crt2.o c:/mingw/bin/../lib/gcc/mingw32/6.3.0/crtbegin.o -Lc:/mingw/bin/../lib/gcc/mingw32/6.3.0 -Lc:/mingw/bin/../lib/gcc -Lc:/mingw/bin/../lib/gcc/mingw32/6.3.0/../../../../mingw32/lib -Lc:/mingw/bin/../lib/gcc/mingw32/6.3.0/../../.. CMakeFiles/cmTC_7f070.dir/CMakeCCompilerABI.c.obj --out-implib libcmTC_7f070.dll.a --major-image-version 0 --minor-image-version 0 -lmingw32 -lgcc -lgcc_eh -lmoldname -lmingwex -lmsvcrt -ladvapi32 -lshell32 -luser32 -lkernel32 -lmingw32 -lgcc -lgcc_eh -lmoldname -lmingwex -lmsvcrt c:/mingw/bin/../lib/gcc/mingw32/6.3.0/crtend.o]
    arg [c:/mingw/bin/../libexec/gcc/mingw32/6.3.0/collect2.exe] ==> ignore
    arg [-plugin] ==> ignore
    arg [c:/mingw/bin/../libexec/gcc/mingw32/6.3.0/liblto_plugin-0.dll] ==> ignore
    arg [-plugin-opt=c:/mingw/bin/../libexec/gcc/mingw32/6.3.0/lto-wrapper.exe] ==> ignore
    arg [-plugin-opt=-fresolution=C:\Users\zuievant\AppData\Local\Temp\2\ccfDdPFp.res] ==> ignore
    arg [-plugin-opt=-pass-through=-lmingw32] ==> ignore
    arg [-plugin-opt=-pass-through=-lgcc] ==> ignore
    arg [-plugin-opt=-pass-through=-lgcc_eh] ==> ignore
    arg [-plugin-opt=-pass-through=-lmoldname] ==> ignore
    arg [-plugin-opt=-pass-through=-lmingwex] ==> ignore
    arg [-plugin-opt=-pass-through=-lmsvcrt] ==> ignore
    arg [-plugin-opt=-pass-through=-ladvapi32] ==> ignore
    arg [-plugin-opt=-pass-through=-lshell32] ==> ignore
    arg [-plugin-opt=-pass-through=-luser32] ==> ignore
    arg [-plugin-opt=-pass-through=-lkernel32] ==> ignore
    arg [-plugin-opt=-pass-through=-lmingw32] ==> ignore
    arg [-plugin-opt=-pass-through=-lgcc] ==> ignore
    arg [-plugin-opt=-pass-through=-lgcc_eh] ==> ignore
    arg [-plugin-opt=-pass-through=-lmoldname] ==> ignore
    arg [-plugin-opt=-pass-through=-lmingwex] ==> ignore
    arg [-plugin-opt=-pass-through=-lmsvcrt] ==> ignore
    arg [-Bdynamic] ==> search dynamic
    arg [-o] ==> ignore
    arg [cmTC_7f070.exe] ==> ignore
    arg [c:/mingw/bin/../lib/gcc/mingw32/6.3.0/../../../crt2.o] ==> obj [c:/mingw/bin/../lib/gcc/mingw32/6.3.0/../../../crt2.o]
    arg [c:/mingw/bin/../lib/gcc/mingw32/6.3.0/crtbegin.o] ==> obj [c:/mingw/bin/../lib/gcc/mingw32/6.3.0/crtbegin.o]
    arg [-Lc:/mingw/bin/../lib/gcc/mingw32/6.3.0] ==> dir [c:/mingw/bin/../lib/gcc/mingw32/6.3.0]
    arg [-Lc:/mingw/bin/../lib/gcc] ==> dir [c:/mingw/bin/../lib/gcc]
    arg [-Lc:/mingw/bin/../lib/gcc/mingw32/6.3.0/../../../../mingw32/lib] ==> dir [c:/mingw/bin/../lib/gcc/mingw32/6.3.0/../../../../mingw32/lib]
    arg [-Lc:/mingw/bin/../lib/gcc/mingw32/6.3.0/../../..] ==> dir [c:/mingw/bin/../lib/gcc/mingw32/6.3.0/../../..]
    arg [CMakeFiles/cmTC_7f070.dir/CMakeCCompilerABI.c.obj] ==> ignore
    arg [--out-implib] ==> ignore
    arg [libcmTC_7f070.dll.a] ==> ignore
    arg [--major-image-version] ==> ignore
    arg [0] ==> ignore
    arg [--minor-image-version] ==> ignore
    arg [0] ==> ignore
    arg [-lmingw32] ==> lib [mingw32]
    arg [-lgcc] ==> lib [gcc]
    arg [-lgcc_eh] ==> lib [gcc_eh]
    arg [-lmoldname] ==> lib [moldname]
    arg [-lmingwex] ==> lib [mingwex]
    arg [-lmsvcrt] ==> lib [msvcrt]
    arg [-ladvapi32] ==> lib [advapi32]
    arg [-lshell32] ==> lib [shell32]
    arg [-luser32] ==> lib [user32]
    arg [-lkernel32] ==> lib [kernel32]
    arg [-lmingw32] ==> lib [mingw32]
    arg [-lgcc] ==> lib [gcc]
    arg [-lgcc_eh] ==> lib [gcc_eh]
    arg [-lmoldname] ==> lib [moldname]
    arg [-lmingwex] ==> lib [mingwex]
    arg [-lmsvcrt] ==> lib [msvcrt]
    arg [c:/mingw/bin/../lib/gcc/mingw32/6.3.0/crtend.o] ==> obj [c:/mingw/bin/../lib/gcc/mingw32/6.3.0/crtend.o]
  remove lib [gcc_eh]
  remove lib [msvcrt]
  remove lib [gcc_eh]
  remove lib [msvcrt]
  collapse obj [c:/mingw/bin/../lib/gcc/mingw32/6.3.0/../../../crt2.o] ==> [C:/MinGW/lib/crt2.o]
  collapse obj [c:/mingw/bin/../lib/gcc/mingw32/6.3.0/crtbegin.o] ==> [C:/MinGW/lib/gcc/mingw32/6.3.0/crtbegin.o]
  collapse obj [c:/mingw/bin/../lib/gcc/mingw32/6.3.0/crtend.o] ==> [C:/MinGW/lib/gcc/mingw32/6.3.0/crtend.o]
  collapse library dir [c:/mingw/bin/../lib/gcc/mingw32/6.3.0] ==> [C:/MinGW/lib/gcc/mingw32/6.3.0]
  collapse library dir [c:/mingw/bin/../lib/gcc] ==> [C:/MinGW/lib/gcc]
  collapse library dir [c:/mingw/bin/../lib/gcc/mingw32/6.3.0/../../../../mingw32/lib] ==> [C:/MinGW/mingw32/lib]
  collapse library dir [c:/mingw/bin/../lib/gcc/mingw32/6.3.0/../../..] ==> [C:/MinGW/lib]
  implicit libs: [mingw32;gcc;moldname;mingwex;advapi32;shell32;user32;kernel32;mingw32;gcc;moldname;mingwex]
  implicit objs: [C:/MinGW/lib/crt2.o;C:/MinGW/lib/gcc/mingw32/6.3.0/crtbegin.o;C:/MinGW/lib/gcc/mingw32/6.3.0/crtend.o]
  implicit dirs: [C:/MinGW/lib/gcc/mingw32/6.3.0;C:/MinGW/lib/gcc;C:/MinGW/mingw32/lib;C:/MinGW/lib]
  implicit fwks: []


Detecting CXX compiler ABI info compiled with the following output:
Change Dir: C:/Users/zuievant/Projects/PatternMatchingAlgorithmsTester/build/CMakeFiles/CMakeScratch/TryCompile-wnfttt

Run Build Command(s):C:/msys64/mingw64/bin/ninja.exe cmTC_6ce65 && [1/2] Building CXX object CMakeFiles/cmTC_6ce65.dir/CMakeCXXCompilerABI.cpp.obj
Using built-in specs.
COLLECT_GCC=C:\MinGW\bin\g++.exe
Target: mingw32
Configured with: ../src/gcc-6.3.0/configure --build=x86_64-pc-linux-gnu --host=mingw32 --with-gmp=/mingw --with-mpfr=/mingw --with-mpc=/mingw --with-isl=/mingw --prefix=/mingw --disable-win32-registry --target=mingw32 --with-arch=i586 --enable-languages=c,c++,objc,obj-c++,fortran,ada --with-pkgversion='MinGW.org GCC-6.3.0-1' --enable-static --enable-shared --enable-threads --with-dwarf2 --disable-sjlj-exceptions --enable-version-specific-runtime-libs --with-libiconv-prefix=/mingw --with-libintl-prefix=/mingw --enable-libstdcxx-debug --with-tune=generic --enable-libgomp --disable-libvtv --enable-nls
Thread model: win32
gcc version 6.3.0 (MinGW.org GCC-6.3.0-1) 
COLLECT_GCC_OPTIONS='-v' '-o' 'CMakeFiles/cmTC_6ce65.dir/CMakeCXXCompilerABI.cpp.obj' '-c' '-shared-libgcc' '-mtune=generic' '-march=i586'
 c:/mingw/bin/../libexec/gcc/mingw32/6.3.0/cc1plus.exe -quiet -v -iprefix c:\mingw\bin\../lib/gcc/mingw32/6.3.0/ C:/msys64/mingw64/share/cmake/Modules/CMakeCXXCompilerABI.cpp -quiet -dumpbase CMakeCXXCompilerABI.cpp -mtune=generic -march=i586 -auxbase-strip CMakeFiles/cmTC_6ce65.dir/CMakeCXXCompilerABI.cpp.obj -version -o C:\Users\zuievant\AppData\Local\Temp\2\cc9j5RTg.s
GNU C++14 (MinGW.org GCC-6.3.0-1) version 6.3.0 (mingw32)
	compiled by GNU C version 6.3.0, GMP version 6.1.2, MPFR version 3.1.5, MPC version 1.0.2, isl version 0.15
warning: MPC header version 1.0.2 differs from library version 1.0.3.
GGC heuristics: --param ggc-min-expand=100 --param ggc-min-heapsize=131072
ignoring nonexistent directory "c:\mingw\bin\../lib/gcc/mingw32/6.3.0/../../../../mingw32/include"
ignoring duplicate directory "c:/mingw/lib/gcc/../../lib/gcc/mingw32/6.3.0/include/c++"
ignoring duplicate directory "c:/mingw/lib/gcc/../../lib/gcc/mingw32/6.3.0/include/c++/mingw32"
ignoring duplicate directory "c:/mingw/lib/gcc/../../lib/gcc/mingw32/6.3.0/include/c++/backward"
ignoring duplicate directory "c:/mingw/lib/gcc/../../lib/gcc/mingw32/6.3.0/include"
ignoring duplicate directory "/mingw/lib/gcc/mingw32/6.3.0/../../../../include"
ignoring duplicate directory "c:/mingw/lib/gcc/../../include"
ignoring duplicate directory "c:/mingw/lib/gcc/../../lib/gcc/mingw32/6.3.0/include-fixed"
ignoring nonexistent directory "c:/mingw/lib/gcc/../../lib/gcc/mingw32/6.3.0/../../../../mingw32/include"
ignoring duplicate directory "/mingw/include"
#include "..." search starts here:
#include <...> search starts here:
 c:\mingw\bin\../lib/gcc/mingw32/6.3.0/include/c++
 c:\mingw\bin\../lib/gcc/mingw32/6.3.0/include/c++/mingw32
 c:\mingw\bin\../lib/gcc/mingw32/6.3.0/include/c++/backward
 c:\mingw\bin\../lib/gcc/mingw32/6.3.0/include
 c:\mingw\bin\../lib/gcc/mingw32/6.3.0/../../../../include
 c:\mingw\bin\../lib/gcc/mingw32/6.3.0/include-fixed
End of search list.
GNU C++14 (MinGW.org GCC-6.3.0-1) version 6.3.0 (mingw32)
	compiled by GNU C version 6.3.0, GMP version 6.1.2, MPFR version 3.1.5, MPC version 1.0.2, isl version 0.15
warning: MPC header version 1.0.2 differs from library version 1.0.3.
GGC heuristics: --param ggc-min-expand=100 --param ggc-min-heapsize=131072
Compiler executable checksum: af09a87986453bf79da3565f33c7648f
COLLECT_GCC_OPTIONS='-v' '-o' 'CMakeFiles/cmTC_6ce65.dir/CMakeCXXCompilerABI.cpp.obj' '-c' '-shared-libgcc' '-mtune=generic' '-march=i586'
 c:/mingw/bin/../lib/gcc/mingw32/6.3.0/../../../../mingw32/bin/as.exe -v -o CMakeFiles/cmTC_6ce65.dir/CMakeCXXCompilerABI.cpp.obj C:\Users\zuievant\AppData\Local\Temp\2\cc9j5RTg.s
GNU assembler version 2.28 (mingw32) using BFD version (GNU Binutils) 2.28
COMPILER_PATH=c:/mingw/bin/../libexec/gcc/mingw32/6.3.0/;c:/mingw/bin/../libexec/gcc/;c:/mingw/bin/../lib/gcc/mingw32/6.3.0/../../../../mingw32/bin/
LIBRARY_PATH=c:/mingw/bin/../lib/gcc/mingw32/6.3.0/;c:/mingw/bin/../lib/gcc/;c:/mingw/bin/../lib/gcc/mingw32/6.3.0/../../../../mingw32/lib/;c:/mingw/bin/../lib/gcc/mingw32/6.3.0/../../../
COLLECT_GCC_OPTIONS='-v' '-o' 'CMakeFiles/cmTC_6ce65.dir/CMakeCXXCompilerABI.cpp.obj' '-c' '-shared-libgcc' '-mtune=generic' '-march=i586'
[2/2] Linking CXX executable cmTC_6ce65.exe
Using built-in specs.
COLLECT_GCC=C:\MinGW\bin\g++.exe
COLLECT_LTO_WRAPPER=c:/mingw/bin/../libexec/gcc/mingw32/6.3.0/lto-wrapper.exe
Target: mingw32
Configured with: ../src/gcc-6.3.0/configure --build=x86_64-pc-linux-gnu --host=mingw32 --with-gmp=/mingw --with-mpfr=/mingw --with-mpc=/mingw --with-isl=/mingw --prefix=/mingw --disable-win32-registry --target=mingw32 --with-arch=i586 --enable-languages=c,c++,objc,obj-c++,fortran,ada --with-pkgversion='MinGW.org GCC-6.3.0-1' --enable-static --enable-shared --enable-threads --with-dwarf2 --disable-sjlj-exceptions --enable-version-specific-runtime-libs --with-libiconv-prefix=/mingw --with-libintl-prefix=/mingw --enable-libstdcxx-debug --with-tune=generic --enable-libgomp --disable-libvtv --enable-nls
Thread model: win32
gcc version 6.3.0 (MinGW.org GCC-6.3.0-1) 
COMPILER_PATH=c:/mingw/bin/../libexec/gcc/mingw32/6.3.0/;c:/mingw/bin/../libexec/gcc/;c:/mingw/bin/../lib/gcc/mingw32/6.3.0/../../../../mingw32/bin/
LIBRARY_PATH=c:/mingw/bin/../lib/gcc/mingw32/6.3.0/;c:/mingw/bin/../lib/gcc/;c:/mingw/bin/../lib/gcc/mingw32/6.3.0/../../../../mingw32/lib/;c:/mingw/bin/../lib/gcc/mingw32/6.3.0/../../../
COLLECT_GCC_OPTIONS='-v' '-o' 'cmTC_6ce65.exe' '-shared-libgcc' '-mtune=generic' '-march=i586'
 c:/mingw/bin/../libexec/gcc/mingw32/6.3.0/collect2.exe -plugin c:/mingw/bin/../libexec/gcc/mingw32/6.3.0/liblto_plugin-0.dll -plugin-opt=c:/mingw/bin/../libexec/gcc/mingw32/6.3.0/lto-wrapper.exe -plugin-opt=-fresolution=C:\Users\zuievant\AppData\Local\Temp\2\ccOiINKs.res -plugin-opt=-pass-through=-lmingw32 -plugin-opt=-pass-through=-lgcc_s -plugin-opt=-pass-through=-lgcc -plugin-opt=-pass-through=-lmoldname -plugin-opt=-pass-through=-lmingwex -plugin-opt=-pass-through=-lmsvcrt -plugin-opt=-pass-through=-ladvapi32 -plugin-opt=-pass-through=-lshell32 -plugin-opt=-pass-through=-luser32 -plugin-opt=-pass-through=-lkernel32 -plugin-opt=-pass-through=-lmingw32 -plugin-opt=-pass-through=-lgcc_s -plugin-opt=-pass-through=-lgcc -plugin-opt=-pass-through=-lmoldname -plugin-opt=-pass-through=-lmingwex -plugin-opt=-pass-through=-lmsvcrt -Bdynamic -u ___register_frame_info -u ___deregister_frame_info -o cmTC_6ce65.exe c:/mingw/bin/../lib/gcc/mingw32/6.3.0/../../../crt2.o c:/mingw/bin/../lib/gcc/mingw32/6.3.0/crtbegin.o -Lc:/mingw/bin/../lib/gcc/mingw32/6.3.0 -Lc:/mingw/bin/../lib/gcc -Lc:/mingw/bin/../lib/gcc/mingw32/6.3.0/../../../../mingw32/lib -Lc:/mingw/bin/../lib/gcc/mingw32/6.3.0/../../.. CMakeFiles/cmTC_6ce65.dir/CMakeCXXCompilerABI.cpp.obj --out-implib libcmTC_6ce65.dll.a --major-image-version 0 --minor-image-version 0 -lstdc++ -lmingw32 -lgcc_s -lgcc -lmoldname -lmingwex -lmsvcrt -ladvapi32 -lshell32 -luser32 -lkernel32 -lmingw32 -lgcc_s -lgcc -lmoldname -lmingwex -lmsvcrt c:/mingw/bin/../lib/gcc/mingw32/6.3.0/crtend.o
COLLECT_GCC_OPTIONS='-v' '-o' 'cmTC_6ce65.exe' '-shared-libgcc' '-mtune=generic' '-march=i586'



Parsed CXX implicit include dir info from above output: rv=done
  found start of include info
  found start of implicit include info
    add: [c:/mingw/bin/../lib/gcc/mingw32/6.3.0/include/c++]
    add: [c:/mingw/bin/../lib/gcc/mingw32/6.3.0/include/c++/mingw32]
    add: [c:/mingw/bin/../lib/gcc/mingw32/6.3.0/include/c++/backward]
    add: [c:/mingw/bin/../lib/gcc/mingw32/6.3.0/include]
    add: [c:/mingw/bin/../lib/gcc/mingw32/6.3.0/../../../../include]
    add: [c:/mingw/bin/../lib/gcc/mingw32/6.3.0/include-fixed]
  end of search list found
  collapse include dir [c:/mingw/bin/../lib/gcc/mingw32/6.3.0/include/c++] ==> [C:/MinGW/lib/gcc/mingw32/6.3.0/include/c++]
  collapse include dir [c:/mingw/bin/../lib/gcc/mingw32/6.3.0/include/c++/mingw32] ==> [C:/MinGW/lib/gcc/mingw32/6.3.0/include/c++/mingw32]
  collapse include dir [c:/mingw/bin/../lib/gcc/mingw32/6.3.0/include/c++/backward] ==> [C:/MinGW/lib/gcc/mingw32/6.3.0/include/c++/backward]
  collapse include dir [c:/mingw/bin/../lib/gcc/mingw32/6.3.0/include] ==> [C:/MinGW/lib/gcc/mingw32/6.3.0/include]
  collapse include dir [c:/mingw/bin/../lib/gcc/mingw32/6.3.0/../../../../include] ==> [C:/MinGW/include]
  collapse include dir [c:/mingw/bin/../lib/gcc/mingw32/6.3.0/include-fixed] ==> [C:/MinGW/lib/gcc/mingw32/6.3.0/include-fixed]
  implicit include dirs: [C:/MinGW/lib/gcc/mingw32/6.3.0/include/c++;C:/MinGW/lib/gcc/mingw32/6.3.0/include/c++/mingw32;C:/MinGW/lib/gcc/mingw32/6.3.0/include/c++/backward;C:/MinGW/lib/gcc/mingw32/6.3.0/include;C:/MinGW/include;C:/MinGW/lib/gcc/mingw32/6.3.0/include-fixed]


Parsed CXX implicit link information from above output:
  link line regex: [^( *|.*[/\])(ld\.exe|CMAKE_LINK_STARTFILE-NOTFOUND|([^/\]+-)?ld|collect2)[^/\]*( |$)]
  ignore line: [Change Dir: C:/Users/zuievant/Projects/PatternMatchingAlgorithmsTester/build/CMakeFiles/CMakeScratch/TryCompile-wnfttt]
  ignore line: []
  ignore line: [Run Build Command(s):C:/msys64/mingw64/bin/ninja.exe cmTC_6ce65 && [1/2] Building CXX object CMakeFiles/cmTC_6ce65.dir/CMakeCXXCompilerABI.cpp.obj]
  ignore line: [Using built-in specs.]
  ignore line: [COLLECT_GCC=C:\MinGW\bin\g++.exe]
  ignore line: [Target: mingw32]
  ignore line: [Configured with: ../src/gcc-6.3.0/configure --build=x86_64-pc-linux-gnu --host=mingw32 --with-gmp=/mingw --with-mpfr=/mingw --with-mpc=/mingw --with-isl=/mingw --prefix=/mingw --disable-win32-registry --target=mingw32 --with-arch=i586 --enable-languages=c c++ objc obj-c++ fortran ada --with-pkgversion='MinGW.org GCC-6.3.0-1' --enable-static --enable-shared --enable-threads --with-dwarf2 --disable-sjlj-exceptions --enable-version-specific-runtime-libs --with-libiconv-prefix=/mingw --with-libintl-prefix=/mingw --enable-libstdcxx-debug --with-tune=generic --enable-libgomp --disable-libvtv --enable-nls]
  ignore line: [Thread model: win32]
  ignore line: [gcc version 6.3.0 (MinGW.org GCC-6.3.0-1) ]
  ignore line: [COLLECT_GCC_OPTIONS='-v' '-o' 'CMakeFiles/cmTC_6ce65.dir/CMakeCXXCompilerABI.cpp.obj' '-c' '-shared-libgcc' '-mtune=generic' '-march=i586']
  ignore line: [ c:/mingw/bin/../libexec/gcc/mingw32/6.3.0/cc1plus.exe -quiet -v -iprefix c:\mingw\bin\../lib/gcc/mingw32/6.3.0/ C:/msys64/mingw64/share/cmake/Modules/CMakeCXXCompilerABI.cpp -quiet -dumpbase CMakeCXXCompilerABI.cpp -mtune=generic -march=i586 -auxbase-strip CMakeFiles/cmTC_6ce65.dir/CMakeCXXCompilerABI.cpp.obj -version -o C:\Users\zuievant\AppData\Local\Temp\2\cc9j5RTg.s]
  ignore line: [GNU C++14 (MinGW.org GCC-6.3.0-1) version 6.3.0 (mingw32)]
  ignore line: [	compiled by GNU C version 6.3.0  GMP version 6.1.2  MPFR version 3.1.5  MPC version 1.0.2  isl version 0.15]
  ignore line: [warning: MPC header version 1.0.2 differs from library version 1.0.3.]
  ignore line: [GGC heuristics: --param ggc-min-expand=100 --param ggc-min-heapsize=131072]
  ignore line: [ignoring nonexistent directory "c:\mingw\bin\../lib/gcc/mingw32/6.3.0/../../../../mingw32/include"]
  ignore line: [ignoring duplicate directory "c:/mingw/lib/gcc/../../lib/gcc/mingw32/6.3.0/include/c++"]
  ignore line: [ignoring duplicate directory "c:/mingw/lib/gcc/../../lib/gcc/mingw32/6.3.0/include/c++/mingw32"]
  ignore line: [ignoring duplicate directory "c:/mingw/lib/gcc/../../lib/gcc/mingw32/6.3.0/include/c++/backward"]
  ignore line: [ignoring duplicate directory "c:/mingw/lib/gcc/../../lib/gcc/mingw32/6.3.0/include"]
  ignore line: [ignoring duplicate directory "/mingw/lib/gcc/mingw32/6.3.0/../../../../include"]
  ignore line: [ignoring duplicate directory "c:/mingw/lib/gcc/../../include"]
  ignore line: [ignoring duplicate directory "c:/mingw/lib/gcc/../../lib/gcc/mingw32/6.3.0/include-fixed"]
  ignore line: [ignoring nonexistent directory "c:/mingw/lib/gcc/../../lib/gcc/mingw32/6.3.0/../../../../mingw32/include"]
  ignore line: [ignoring duplicate directory "/mingw/include"]
  ignore line: [#include "..." search starts here:]
  ignore line: [#include <...> search starts here:]
  ignore line: [ c:\mingw\bin\../lib/gcc/mingw32/6.3.0/include/c++]
  ignore line: [ c:\mingw\bin\../lib/gcc/mingw32/6.3.0/include/c++/mingw32]
  ignore line: [ c:\mingw\bin\../lib/gcc/mingw32/6.3.0/include/c++/backward]
  ignore line: [ c:\mingw\bin\../lib/gcc/mingw32/6.3.0/include]
  ignore line: [ c:\mingw\bin\../lib/gcc/mingw32/6.3.0/../../../../include]
  ignore line: [ c:\mingw\bin\../lib/gcc/mingw32/6.3.0/include-fixed]
  ignore line: [End of search list.]
  ignore line: [GNU C++14 (MinGW.org GCC-6.3.0-1) version 6.3.0 (mingw32)]
  ignore line: [	compiled by GNU C version 6.3.0  GMP version 6.1.2  MPFR version 3.1.5  MPC version 1.0.2  isl version 0.15]
  ignore line: [warning: MPC header version 1.0.2 differs from library version 1.0.3.]
  ignore line: [GGC heuristics: --param ggc-min-expand=100 --param ggc-min-heapsize=131072]
  ignore line: [Compiler executable checksum: af09a87986453bf79da3565f33c7648f]
  ignore line: [COLLECT_GCC_OPTIONS='-v' '-o' 'CMakeFiles/cmTC_6ce65.dir/CMakeCXXCompilerABI.cpp.obj' '-c' '-shared-libgcc' '-mtune=generic' '-march=i586']
  ignore line: [ c:/mingw/bin/../lib/gcc/mingw32/6.3.0/../../../../mingw32/bin/as.exe -v -o CMakeFiles/cmTC_6ce65.dir/CMakeCXXCompilerABI.cpp.obj C:\Users\zuievant\AppData\Local\Temp\2\cc9j5RTg.s]
  ignore line: [GNU assembler version 2.28 (mingw32) using BFD version (GNU Binutils) 2.28]
  ignore line: [COMPILER_PATH=c:/mingw/bin/../libexec/gcc/mingw32/6.3.0/]
  ignore line: [c:/mingw/bin/../libexec/gcc/]
  ignore line: [c:/mingw/bin/../lib/gcc/mingw32/6.3.0/../../../../mingw32/bin/]
  ignore line: [LIBRARY_PATH=c:/mingw/bin/../lib/gcc/mingw32/6.3.0/]
  ignore line: [c:/mingw/bin/../lib/gcc/]
  ignore line: [c:/mingw/bin/../lib/gcc/mingw32/6.3.0/../../../../mingw32/lib/]
  ignore line: [c:/mingw/bin/../lib/gcc/mingw32/6.3.0/../../../]
  ignore line: [COLLECT_GCC_OPTIONS='-v' '-o' 'CMakeFiles/cmTC_6ce65.dir/CMakeCXXCompilerABI.cpp.obj' '-c' '-shared-libgcc' '-mtune=generic' '-march=i586']
  ignore line: [[2/2] Linking CXX executable cmTC_6ce65.exe]
  ignore line: [Using built-in specs.]
  ignore line: [COLLECT_GCC=C:\MinGW\bin\g++.exe]
  ignore line: [COLLECT_LTO_WRAPPER=c:/mingw/bin/../libexec/gcc/mingw32/6.3.0/lto-wrapper.exe]
  ignore line: [Target: mingw32]
  ignore line: [Configured with: ../src/gcc-6.3.0/configure --build=x86_64-pc-linux-gnu --host=mingw32 --with-gmp=/mingw --with-mpfr=/mingw --with-mpc=/mingw --with-isl=/mingw --prefix=/mingw --disable-win32-registry --target=mingw32 --with-arch=i586 --enable-languages=c c++ objc obj-c++ fortran ada --with-pkgversion='MinGW.org GCC-6.3.0-1' --enable-static --enable-shared --enable-threads --with-dwarf2 --disable-sjlj-exceptions --enable-version-specific-runtime-libs --with-libiconv-prefix=/mingw --with-libintl-prefix=/mingw --enable-libstdcxx-debug --with-tune=generic --enable-libgomp --disable-libvtv --enable-nls]
  ignore line: [Thread model: win32]
  ignore line: [gcc version 6.3.0 (MinGW.org GCC-6.3.0-1) ]
  ignore line: [COMPILER_PATH=c:/mingw/bin/../libexec/gcc/mingw32/6.3.0/]
  ignore line: [c:/mingw/bin/../libexec/gcc/]
  ignore line: [c:/mingw/bin/../lib/gcc/mingw32/6.3.0/../../../../mingw32/bin/]
  ignore line: [LIBRARY_PATH=c:/mingw/bin/../lib/gcc/mingw32/6.3.0/]
  ignore line: [c:/mingw/bin/../lib/gcc/]
  ignore line: [c:/mingw/bin/../lib/gcc/mingw32/6.3.0/../../../../mingw32/lib/]
  ignore line: [c:/mingw/bin/../lib/gcc/mingw32/6.3.0/../../../]
  ignore line: [COLLECT_GCC_OPTIONS='-v' '-o' 'cmTC_6ce65.exe' '-shared-libgcc' '-mtune=generic' '-march=i586']
  link line: [ c:/mingw/bin/../libexec/gcc/mingw32/6.3.0/collect2.exe -plugin c:/mingw/bin/../libexec/gcc/mingw32/6.3.0/liblto_plugin-0.dll -plugin-opt=c:/mingw/bin/../libexec/gcc/mingw32/6.3.0/lto-wrapper.exe -plugin-opt=-fresolution=C:\Users\zuievant\AppData\Local\Temp\2\ccOiINKs.res -plugin-opt=-pass-through=-lmingw32 -plugin-opt=-pass-through=-lgcc_s -plugin-opt=-pass-through=-lgcc -plugin-opt=-pass-through=-lmoldname -plugin-opt=-pass-through=-lmingwex -plugin-opt=-pass-through=-lmsvcrt -plugin-opt=-pass-through=-ladvapi32 -plugin-opt=-pass-through=-lshell32 -plugin-opt=-pass-through=-luser32 -plugin-opt=-pass-through=-lkernel32 -plugin-opt=-pass-through=-lmingw32 -plugin-opt=-pass-through=-lgcc_s -plugin-opt=-pass-through=-lgcc -plugin-opt=-pass-through=-lmoldname -plugin-opt=-pass-through=-lmingwex -plugin-opt=-pass-through=-lmsvcrt -Bdynamic -u ___register_frame_info -u ___deregister_frame_info -o cmTC_6ce65.exe c:/mingw/bin/../lib/gcc/mingw32/6.3.0/../../../crt2.o c:/mingw/bin/../lib/gcc/mingw32/6.3.0/crtbegin.o -Lc:/mingw/bin/../lib/gcc/mingw32/6.3.0 -Lc:/mingw/bin/../lib/gcc -Lc:/mingw/bin/../lib/gcc/mingw32/6.3.0/../../../../mingw32/lib -Lc:/mingw/bin/../lib/gcc/mingw32/6.3.0/../../.. CMakeFiles/cmTC_6ce65.dir/CMakeCXXCompilerABI.cpp.obj --out-implib libcmTC_6ce65.dll.a --major-image-version 0 --minor-image-version 0 -lstdc++ -lmingw32 -lgcc_s -lgcc -lmoldname -lmingwex -lmsvcrt -ladvapi32 -lshell32 -luser32 -lkernel32 -lmingw32 -lgcc_s -lgcc -lmoldname -lmingwex -lmsvcrt c:/mingw/bin/../lib/gcc/mingw32/6.3.0/crtend.o]
    arg [c:/mingw/bin/../libexec/gcc/mingw32/6.3.0/collect2.exe] ==> ignore
    arg [-plugin] ==> ignore
    arg [c:/mingw/bin/../libexec/gcc/mingw32/6.3.0/liblto_plugin-0.dll] ==> ignore
    arg [-plugin-opt=c:/mingw/bin/../libexec/gcc/mingw32/6.3.0/lto-wrapper.exe] ==> ignore
    arg [-plugin-opt=-fresolution=C:\Users\zuievant\AppData\Local\Temp\2\ccOiINKs.res] ==> ignore
    arg [-plugin-opt=-pass-through=-lmingw32] ==> ignore
    arg [-plugin-opt=-pass-through=-lgcc_s] ==> ignore
    arg [-plugin-opt=-pass-through=-lgcc] ==> ignore
    arg [-plugin-opt=-pass-through=-lmoldname] ==> ignore
    arg [-plugin-opt=-pass-through=-lmingwex] ==> ignore
    arg [-plugin-opt=-pass-through=-lmsvcrt] ==> ignore
    arg [-plugin-opt=-pass-through=-ladvapi32] ==> ignore
    arg [-plugin-opt=-pass-through=-lshell32] ==> ignore
    arg [-plugin-opt=-pass-through=-luser32] ==> ignore
    arg [-plugin-opt=-pass-through=-lkernel32] ==> ignore
    arg [-plugin-opt=-pass-through=-lmingw32] ==> ignore
    arg [-plugin-opt=-pass-through=-lgcc_s] ==> ignore
    arg [-plugin-opt=-pass-through=-lgcc] ==> ignore
    arg [-plugin-opt=-pass-through=-lmoldname] ==> ignore
    arg [-plugin-opt=-pass-through=-lmingwex] ==> ignore
    arg [-plugin-opt=-pass-through=-lmsvcrt] ==> ignore
    arg [-Bdynamic] ==> search dynamic
    arg [-u] ==> ignore
    arg [___register_frame_info] ==> ignore
    arg [-u] ==> ignore
    arg [___deregister_frame_info] ==> ignore
    arg [-o] ==> ignore
    arg [cmTC_6ce65.exe] ==> ignore
    arg [c:/mingw/bin/../lib/gcc/mingw32/6.3.0/../../../crt2.o] ==> obj [c:/mingw/bin/../lib/gcc/mingw32/6.3.0/../../../crt2.o]
    arg [c:/mingw/bin/../lib/gcc/mingw32/6.3.0/crtbegin.o] ==> obj [c:/mingw/bin/../lib/gcc/mingw32/6.3.0/crtbegin.o]
    arg [-Lc:/mingw/bin/../lib/gcc/mingw32/6.3.0] ==> dir [c:/mingw/bin/../lib/gcc/mingw32/6.3.0]
    arg [-Lc:/mingw/bin/../lib/gcc] ==> dir [c:/mingw/bin/../lib/gcc]
    arg [-Lc:/mingw/bin/../lib/gcc/mingw32/6.3.0/../../../../mingw32/lib] ==> dir [c:/mingw/bin/../lib/gcc/mingw32/6.3.0/../../../../mingw32/lib]
    arg [-Lc:/mingw/bin/../lib/gcc/mingw32/6.3.0/../../..] ==> dir [c:/mingw/bin/../lib/gcc/mingw32/6.3.0/../../..]
    arg [CMakeFiles/cmTC_6ce65.dir/CMakeCXXCompilerABI.cpp.obj] ==> ignore
    arg [--out-implib] ==> ignore
    arg [libcmTC_6ce65.dll.a] ==> ignore
    arg [--major-image-version] ==> ignore
    arg [0] ==> ignore
    arg [--minor-image-version] ==> ignore
    arg [0] ==> ignore
    arg [-lstdc++] ==> lib [stdc++]
    arg [-lmingw32] ==> lib [mingw32]
    arg [-lgcc_s] ==> lib [gcc_s]
    arg [-lgcc] ==> lib [gcc]
    arg [-lmoldname] ==> lib [moldname]
    arg [-lmingwex] ==> lib [mingwex]
    arg [-lmsvcrt] ==> lib [msvcrt]
    arg [-ladvapi32] ==> lib [advapi32]
    arg [-lshell32] ==> lib [shell32]
    arg [-luser32] ==> lib [user32]
    arg [-lkernel32] ==> lib [kernel32]
    arg [-lmingw32] ==> lib [mingw32]
    arg [-lgcc_s] ==> lib [gcc_s]
    arg [-lgcc] ==> lib [gcc]
    arg [-lmoldname] ==> lib [moldname]
    arg [-lmingwex] ==> lib [mingwex]
    arg [-lmsvcrt] ==> lib [msvcrt]
    arg [c:/mingw/bin/../lib/gcc/mingw32/6.3.0/crtend.o] ==> obj [c:/mingw/bin/../lib/gcc/mingw32/6.3.0/crtend.o]
  remove lib [msvcrt]
  remove lib [msvcrt]
  collapse obj [c:/mingw/bin/../lib/gcc/mingw32/6.3.0/../../../crt2.o] ==> [C:/MinGW/lib/crt2.o]
  collapse obj [c:/mingw/bin/../lib/gcc/mingw32/6.3.0/crtbegin.o] ==> [C:/MinGW/lib/gcc/mingw32/6.3.0/crtbegin.o]
  collapse obj [c:/mingw/bin/../lib/gcc/mingw32/6.3.0/crtend.o] ==> [C:/MinGW/lib/gcc/mingw32/6.3.0/crtend.o]
  collapse library dir [c:/mingw/bin/../lib/gcc/mingw32/6.3.0] ==> [C:/MinGW/lib/gcc/mingw32/6.3.0]
  collapse library dir [c:/mingw/bin/../lib/gcc] ==> [C:/MinGW/lib/gcc]
  collapse library dir [c:/mingw/bin/../lib/gcc/mingw32/6.3.0/../../../../mingw32/lib] ==> [C:/MinGW/mingw32/lib]
  collapse library dir [c:/mingw/bin/../lib/gcc/mingw32/6.3.0/../../..] ==> [C:/MinGW/lib]
  implicit libs: [stdc++;mingw32;gcc_s;gcc;moldname;mingwex;advapi32;shell32;user32;kernel32;mingw32;gcc_s;gcc;moldname;mingwex]
  implicit objs: [C:/MinGW/lib/crt2.o;C:/MinGW/lib/gcc/mingw32/6.3.0/crtbegin.o;C:/MinGW/lib/gcc/mingw32/6.3.0/crtend.o]
  implicit dirs: [C:/MinGW/lib/gcc/mingw32/6.3.0;C:/MinGW/lib/gcc;C:/MinGW/mingw32/lib;C:/MinGW/lib]
  implicit fwks: []


